Using pre-set license
Built from '2021.3/staging' branch; Version is '2021.3.16f1 (4016570cf34f) revision 4200023'; Using compiler version '192829333'; Build Type 'Release'
OS: 'Windows 10  (10.0.19045) 64bit ProfessionalEducation' Language: 'pt' Physical Memory: 15741 MB
BatchMode: 1, IsHumanControllingUs: 0, StartBugReporterOnCrash: 0, Is64bit: 1, IsPro: 1

COMMAND LINE ARGUMENTS:
C:\Program Files\Unity\Hub\Editor\2021.3.16f1\Editor\Unity.exe
-adb2
-batchMode
-noUpm
-name
AssetImportWorker1
-projectPath
C:/Users/ALUNO - LAB 5/Documents/GitHub/Corrida-infinita/Corrida
-logFile
Logs/AssetImportWorker1.log
-srvPort
56034
Successfully changed project path to: C:/Users/ALUNO - LAB 5/Documents/GitHub/Corrida-infinita/Corrida
C:/Users/ALUNO - LAB 5/Documents/GitHub/Corrida-infinita/Corrida
[UnityMemory] Configuration Parameters - Can be set up in boot.config
    "memorysetup-bucket-allocator-granularity=16"
    "memorysetup-bucket-allocator-bucket-count=8"
    "memorysetup-bucket-allocator-block-size=33554432"
    "memorysetup-bucket-allocator-block-count=8"
    "memorysetup-main-allocator-block-size=16777216"
    "memorysetup-thread-allocator-block-size=16777216"
    "memorysetup-gfx-main-allocator-block-size=16777216"
    "memorysetup-gfx-thread-allocator-block-size=16777216"
    "memorysetup-cache-allocator-block-size=4194304"
    "memorysetup-typetree-allocator-block-size=2097152"
    "memorysetup-profiler-bucket-allocator-granularity=16"
    "memorysetup-profiler-bucket-allocator-bucket-count=8"
    "memorysetup-profiler-bucket-allocator-block-size=33554432"
    "memorysetup-profiler-bucket-allocator-block-count=8"
    "memorysetup-profiler-allocator-block-size=16777216"
    "memorysetup-profiler-editor-allocator-block-size=1048576"
    "memorysetup-temp-allocator-size-main=16777216"
    "memorysetup-job-temp-allocator-block-size=2097152"
    "memorysetup-job-temp-allocator-block-size-background=1048576"
    "memorysetup-job-temp-allocator-reduction-small-platforms=262144"
    "memorysetup-temp-allocator-size-background-worker=32768"
    "memorysetup-temp-allocator-size-job-worker=262144"
    "memorysetup-temp-allocator-size-preload-manager=33554432"
    "memorysetup-temp-allocator-size-nav-mesh-worker=65536"
    "memorysetup-temp-allocator-size-audio-worker=65536"
    "memorysetup-temp-allocator-size-cloud-worker=32768"
    "memorysetup-temp-allocator-size-gi-baking-worker=262144"
    "memorysetup-temp-allocator-size-gfx=262144"
Player connection [12552] Host "[IP] 10.68.40.237 [Port] 0 [Flags] 2 [Guid] 397693738 [EditorId] 397693738 [Version] 1048832 [Id] WindowsEditor(7,DESKTOP-0J930PD) [Debug] 1 [PackageName] WindowsEditor [ProjectName] Editor" joined multi-casting on [225.0.0.222:54997]...

Player connection [12552] Host "[IP] 10.68.40.237 [Port] 0 [Flags] 2 [Guid] 397693738 [EditorId] 397693738 [Version] 1048832 [Id] WindowsEditor(7,DESKTOP-0J930PD) [Debug] 1 [PackageName] WindowsEditor [ProjectName] Editor" joined alternative multi-casting on [225.0.0.222:34997]...

Refreshing native plugins compatible for Editor in 74.93 ms, found 3 plugins.
Preloading 0 native plugins for Editor in 0.00 ms.
Initialize engine version: 2021.3.16f1 (4016570cf34f)
[Subsystems] Discovering subsystems at path C:/Program Files/Unity/Hub/Editor/2021.3.16f1/Editor/Data/Resources/UnitySubsystems
[Subsystems] Discovering subsystems at path C:/Users/ALUNO - LAB 5/Documents/GitHub/Corrida-infinita/Corrida/Assets
GfxDevice: creating device client; threaded=0; jobified=0
Direct3D:
    Version:  Direct3D 11.0 [level 11.1]
    Renderer: AMD Radeon(TM) Graphics (ID=0x1636)
    Vendor:   ATI
    VRAM:     7870 MB
    Driver:   31.0.12018.3001
Initialize mono
Mono path[0] = 'C:/Program Files/Unity/Hub/Editor/2021.3.16f1/Editor/Data/Managed'
Mono path[1] = 'C:/Program Files/Unity/Hub/Editor/2021.3.16f1/Editor/Data/MonoBleedingEdge/lib/mono/unityjit-win32'
Mono config path = 'C:/Program Files/Unity/Hub/Editor/2021.3.16f1/Editor/Data/MonoBleedingEdge/etc'
Using monoOptions --debugger-agent=transport=dt_socket,embedding=1,server=y,suspend=n,address=127.0.0.1:56592
Begin MonoManager ReloadAssembly
Registering precompiled unity dll's ...
Register platform support module: C:/Program Files/Unity/Hub/Editor/2021.3.16f1/Editor/Data/PlaybackEngines/WebGLSupport/UnityEditor.WebGL.Extensions.dll
Register platform support module: C:/Program Files/Unity/Hub/Editor/2021.3.16f1/Editor/Data/PlaybackEngines/AndroidPlayer/UnityEditor.Android.Extensions.dll
Register platform support module: C:/Program Files/Unity/Hub/Editor/2021.3.16f1/Editor/Data/PlaybackEngines/WindowsStandaloneSupport/UnityEditor.WindowsStandalone.Extensions.dll
Registered in 0.006956 seconds.
Native extension for WindowsStandalone target not found
Native extension for Android target not found
Native extension for WebGL target not found
Refreshing native plugins compatible for Editor in 77.17 ms, found 3 plugins.
Preloading 0 native plugins for Editor in 0.00 ms.
Mono: successfully reloaded assembly
- Completed reload, in  0.597 seconds
Domain Reload Profiling:
	ReloadAssembly (598ms)
		BeginReloadAssembly (63ms)
			ExecutionOrderSort (0ms)
			DisableScriptedObjects (0ms)
			BackupInstance (0ms)
			ReleaseScriptingObjects (0ms)
			CreateAndSetChildDomain (1ms)
		EndReloadAssembly (434ms)
			LoadAssemblies (62ms)
			RebuildTransferFunctionScriptingTraits (0ms)
			SetupTypeCache (96ms)
			ReleaseScriptCaches (0ms)
			RebuildScriptCaches (25ms)
			SetupLoadedEditorAssemblies (269ms)
				LogAssemblyErrors (0ms)
				InitializePlatformSupportModulesInManaged (55ms)
				SetLoadedEditorAssemblies (0ms)
				RefreshPlugins (77ms)
				BeforeProcessingInitializeOnLoad (1ms)
				ProcessInitializeOnLoadAttributes (91ms)
				ProcessInitializeOnLoadMethodAttributes (43ms)
				AfterProcessingInitializeOnLoad (0ms)
				EditorAssembliesLoaded (0ms)
			ExecutionOrderSort2 (0ms)
			AwakeInstancesAfterBackupRestoration (0ms)
Platform modules already initialized, skipping
Registering precompiled user dll's ...
Registered in 0.005222 seconds.
Begin MonoManager ReloadAssembly
Symbol file LoadedFromMemory doesn't match image C:\Users\ALUNO - LAB 5\Documents\GitHub\Corrida-infinita\Corrida\Library\PackageCache\com.unity.visualscripting@1.7.8\Editor\VisualScripting.Core\Dependencies\YamlDotNet\Unity.VisualScripting.YamlDotNet.dll
Symbol file LoadedFromMemory doesn't match image C:\Users\ALUNO - LAB 5\Documents\GitHub\Corrida-infinita\Corrida\Library\PackageCache\com.unity.visualscripting@1.7.8\Editor\VisualScripting.Core\Dependencies\DotNetZip\Unity.VisualScripting.IonicZip.dll
Native extension for WindowsStandalone target not found
Native extension for Android target not found
Native extension for WebGL target not found
Refreshing native plugins compatible for Editor in 0.62 ms, found 3 plugins.
Preloading 0 native plugins for Editor in 0.00 ms.
Mono: successfully reloaded assembly
- Completed reload, in  1.038 seconds
Domain Reload Profiling:
	ReloadAssembly (1039ms)
		BeginReloadAssembly (207ms)
			ExecutionOrderSort (0ms)
			DisableScriptedObjects (5ms)
			BackupInstance (0ms)
			ReleaseScriptingObjects (0ms)
			CreateAndSetChildDomain (130ms)
		EndReloadAssembly (722ms)
			LoadAssemblies (68ms)
			RebuildTransferFunctionScriptingTraits (0ms)
			SetupTypeCache (247ms)
			ReleaseScriptCaches (1ms)
			RebuildScriptCaches (44ms)
			SetupLoadedEditorAssemblies (327ms)
				LogAssemblyErrors (0ms)
				InitializePlatformSupportModulesInManaged (14ms)
				SetLoadedEditorAssemblies (0ms)
				RefreshPlugins (1ms)
				BeforeProcessingInitializeOnLoad (81ms)
				ProcessInitializeOnLoadAttributes (203ms)
				ProcessInitializeOnLoadMethodAttributes (21ms)
				AfterProcessingInitializeOnLoad (6ms)
				EditorAssembliesLoaded (0ms)
			ExecutionOrderSort2 (0ms)
			AwakeInstancesAfterBackupRestoration (6ms)
Platform modules already initialized, skipping
========================================================================
Worker process is ready to serve import requests
Launched and connected shader compiler UnityShaderCompiler.exe after 0.04 seconds
Refreshing native plugins compatible for Editor in 0.61 ms, found 3 plugins.
Preloading 0 native plugins for Editor in 0.00 ms.
Unloading 3361 Unused Serialized files (Serialized files now loaded: 0)
Unloading 27 unused Assets / (113.4 KB). Loaded Objects now: 3820.
Memory consumption went from 115.6 MB to 115.5 MB.
Total: 3.110400 ms (FindLiveObjects: 0.334200 ms CreateObjectMapping: 0.114400 ms MarkObjects: 2.546300 ms  DeleteObjects: 0.113500 ms)

AssetImportParameters requested are different than current active one (requested -> active):
  custom:video-decoder-ogg-theora: a1e56fd34408186e4bbccfd4996cb3dc -> 
  custom:container-muxer-webm: aa71ff27fc2769a1b78a27578f13a17b -> 
  custom:container-demuxer-webm: 4f35f7cbe854078d1ac9338744f61a02 -> 
  custom:video-encoder-webm-vp8: eb34c28f22e8b96e1ab97ce403110664 -> 
  custom:video-codec-MediaFoundation-h265: 746d11721c4dcdbdad8f713fa42b33f4 -> 
  custom:audio-encoder-webm-vorbis: bf7c407c2cedff20999df2af8eb42d56 -> 
  custom:framework-win-MediaFoundation: 216162199b28c13a410421893ffa2e32 -> 
  custom:container-demuxer-ogg: 62fdf1f143b41e24485cea50d1cbac27 -> 
  custom:video-decoder-webm-vp8: 9c59270c3fd7afecdb556c50c9e8de78 -> 
  custom:audio-decoder-ogg-vorbis: bf7c407c2cedff20999df2af8eb42d56 -> 
========================================================================
Received Prepare
Registering precompiled user dll's ...
Registered in 0.004917 seconds.
Begin MonoManager ReloadAssembly
Symbol file LoadedFromMemory doesn't match image C:\Users\ALUNO - LAB 5\Documents\GitHub\Corrida-infinita\Corrida\Library\PackageCache\com.unity.visualscripting@1.7.8\Editor\VisualScripting.Core\Dependencies\YamlDotNet\Unity.VisualScripting.YamlDotNet.dll
Symbol file LoadedFromMemory doesn't match image C:\Users\ALUNO - LAB 5\Documents\GitHub\Corrida-infinita\Corrida\Library\PackageCache\com.unity.visualscripting@1.7.8\Editor\VisualScripting.Core\Dependencies\DotNetZip\Unity.VisualScripting.IonicZip.dll
Native extension for WindowsStandalone target not found
Native extension for Android target not found
Native extension for WebGL target not found
Refreshing native plugins compatible for Editor in 0.62 ms, found 3 plugins.
Preloading 0 native plugins for Editor in 0.00 ms.
Mono: successfully reloaded assembly
- Completed reload, in  0.887 seconds
Domain Reload Profiling:
	ReloadAssembly (888ms)
		BeginReloadAssembly (123ms)
			ExecutionOrderSort (0ms)
			DisableScriptedObjects (5ms)
			BackupInstance (0ms)
			ReleaseScriptingObjects (0ms)
			CreateAndSetChildDomain (35ms)
		EndReloadAssembly (675ms)
			LoadAssemblies (71ms)
			RebuildTransferFunctionScriptingTraits (0ms)
			SetupTypeCache (243ms)
			ReleaseScriptCaches (1ms)
			RebuildScriptCaches (34ms)
			SetupLoadedEditorAssemblies (288ms)
				LogAssemblyErrors (0ms)
				InitializePlatformSupportModulesInManaged (21ms)
				SetLoadedEditorAssemblies (0ms)
				RefreshPlugins (1ms)
				BeforeProcessingInitializeOnLoad (60ms)
				ProcessInitializeOnLoadAttributes (178ms)
				ProcessInitializeOnLoadMethodAttributes (20ms)
				AfterProcessingInitializeOnLoad (6ms)
				EditorAssembliesLoaded (0ms)
			ExecutionOrderSort2 (0ms)
			AwakeInstancesAfterBackupRestoration (7ms)
Platform modules already initialized, skipping
Refreshing native plugins compatible for Editor in 1.66 ms, found 3 plugins.
Preloading 0 native plugins for Editor in 0.00 ms.
Unloading 3357 Unused Serialized files (Serialized files now loaded: 0)
Unloading 20 unused Assets / (79.8 KB). Loaded Objects now: 3824.
Memory consumption went from 115.6 MB to 115.5 MB.
Total: 3.023200 ms (FindLiveObjects: 0.301800 ms CreateObjectMapping: 0.105200 ms MarkObjects: 2.523400 ms  DeleteObjects: 0.091000 ms)

AssetImportParameters requested are different than current active one (requested -> active):
  custom:video-decoder-ogg-theora: a1e56fd34408186e4bbccfd4996cb3dc -> 
  custom:container-muxer-webm: aa71ff27fc2769a1b78a27578f13a17b -> 
  custom:container-demuxer-webm: 4f35f7cbe854078d1ac9338744f61a02 -> 
  custom:video-encoder-webm-vp8: eb34c28f22e8b96e1ab97ce403110664 -> 
  custom:video-codec-MediaFoundation-h265: 746d11721c4dcdbdad8f713fa42b33f4 -> 
  custom:audio-encoder-webm-vorbis: bf7c407c2cedff20999df2af8eb42d56 -> 
  custom:framework-win-MediaFoundation: 216162199b28c13a410421893ffa2e32 -> 
  custom:container-demuxer-ogg: 62fdf1f143b41e24485cea50d1cbac27 -> 
  custom:video-decoder-webm-vp8: 9c59270c3fd7afecdb556c50c9e8de78 -> 
  custom:audio-decoder-ogg-vorbis: bf7c407c2cedff20999df2af8eb42d56 -> 
========================================================================
Received Prepare
Registering precompiled user dll's ...
Registered in 0.005029 seconds.
Begin MonoManager ReloadAssembly
Symbol file LoadedFromMemory doesn't match image C:\Users\ALUNO - LAB 5\Documents\GitHub\Corrida-infinita\Corrida\Library\PackageCache\com.unity.visualscripting@1.7.8\Editor\VisualScripting.Core\Dependencies\YamlDotNet\Unity.VisualScripting.YamlDotNet.dll
Symbol file LoadedFromMemory doesn't match image C:\Users\ALUNO - LAB 5\Documents\GitHub\Corrida-infinita\Corrida\Library\PackageCache\com.unity.visualscripting@1.7.8\Editor\VisualScripting.Core\Dependencies\DotNetZip\Unity.VisualScripting.IonicZip.dll
Native extension for WindowsStandalone target not found
Native extension for Android target not found
Native extension for WebGL target not found
Refreshing native plugins compatible for Editor in 0.65 ms, found 3 plugins.
Preloading 0 native plugins for Editor in 0.00 ms.
Mono: successfully reloaded assembly
- Completed reload, in  0.941 seconds
Domain Reload Profiling:
	ReloadAssembly (942ms)
		BeginReloadAssembly (126ms)
			ExecutionOrderSort (0ms)
			DisableScriptedObjects (5ms)
			BackupInstance (0ms)
			ReleaseScriptingObjects (0ms)
			CreateAndSetChildDomain (36ms)
		EndReloadAssembly (726ms)
			LoadAssemblies (75ms)
			RebuildTransferFunctionScriptingTraits (0ms)
			SetupTypeCache (256ms)
			ReleaseScriptCaches (2ms)
			RebuildScriptCaches (39ms)
			SetupLoadedEditorAssemblies (314ms)
				LogAssemblyErrors (0ms)
				InitializePlatformSupportModulesInManaged (23ms)
				SetLoadedEditorAssemblies (0ms)
				RefreshPlugins (1ms)
				BeforeProcessingInitializeOnLoad (64ms)
				ProcessInitializeOnLoadAttributes (196ms)
				ProcessInitializeOnLoadMethodAttributes (23ms)
				AfterProcessingInitializeOnLoad (7ms)
				EditorAssembliesLoaded (0ms)
			ExecutionOrderSort2 (0ms)
			AwakeInstancesAfterBackupRestoration (10ms)
Platform modules already initialized, skipping
Refreshing native plugins compatible for Editor in 1.73 ms, found 3 plugins.
Preloading 0 native plugins for Editor in 0.00 ms.
Unloading 3357 Unused Serialized files (Serialized files now loaded: 0)
Unloading 20 unused Assets / (79.7 KB). Loaded Objects now: 3827.
Memory consumption went from 115.6 MB to 115.5 MB.
Total: 3.803500 ms (FindLiveObjects: 0.396600 ms CreateObjectMapping: 0.121500 ms MarkObjects: 3.194600 ms  DeleteObjects: 0.089400 ms)

AssetImportParameters requested are different than current active one (requested -> active):
  custom:video-decoder-ogg-theora: a1e56fd34408186e4bbccfd4996cb3dc -> 
  custom:container-muxer-webm: aa71ff27fc2769a1b78a27578f13a17b -> 
  custom:container-demuxer-webm: 4f35f7cbe854078d1ac9338744f61a02 -> 
  custom:video-encoder-webm-vp8: eb34c28f22e8b96e1ab97ce403110664 -> 
  custom:video-codec-MediaFoundation-h265: 746d11721c4dcdbdad8f713fa42b33f4 -> 
  custom:audio-encoder-webm-vorbis: bf7c407c2cedff20999df2af8eb42d56 -> 
  custom:framework-win-MediaFoundation: 216162199b28c13a410421893ffa2e32 -> 
  custom:container-demuxer-ogg: 62fdf1f143b41e24485cea50d1cbac27 -> 
  custom:video-decoder-webm-vp8: 9c59270c3fd7afecdb556c50c9e8de78 -> 
  custom:audio-decoder-ogg-vorbis: bf7c407c2cedff20999df2af8eb42d56 -> 
========================================================================
Received Import Request.
  Time since last request: 88845.113989 seconds.
  path: Assets/Standard Assets/Effects/ToonShading/Textures/UtilToonGradient.png
  artifactKey: Guid(4a056241e2722dc46a7262a8e7073fd9) Importer(815301076,1909f56bfc062723c751e8b465ee728b)
Start importing Assets/Standard Assets/Effects/ToonShading/Textures/UtilToonGradient.png using Guid(4a056241e2722dc46a7262a8e7073fd9) Importer(815301076,1909f56bfc062723c751e8b465ee728b)  -> (artifact id: '1a468064936ad54260bcd0d235a0ac69') in 0.099762 seconds 
========================================================================
Received Import Request.
  Time since last request: 131.220905 seconds.
  path: Assets/_TerrainAutoUpgrade/layer_grass01_bb3407d0e55802f81.terrainlayer
  artifactKey: Guid(ae0d20660f2023b449e1f2c2ac002423) Importer(815301076,1909f56bfc062723c751e8b465ee728b)
Start importing Assets/_TerrainAutoUpgrade/layer_grass01_bb3407d0e55802f81.terrainlayer using Guid(ae0d20660f2023b449e1f2c2ac002423) Importer(815301076,1909f56bfc062723c751e8b465ee728b)  -> (artifact id: '06b0d04126fe1359e54df0a69806fa79') in 0.041315 seconds 
========================================================================
Received Import Request.
  Time since last request: 108.516300 seconds.
  path: Assets/Fantasy Forest Environment Free Sample/Meshes/Prefabs/tree_1.prefab
  artifactKey: Guid(eded051879df4c147b9010199d240258) Importer(815301076,1909f56bfc062723c751e8b465ee728b)
Start importing Assets/Fantasy Forest Environment Free Sample/Meshes/Prefabs/tree_1.prefab using Guid(eded051879df4c147b9010199d240258) Importer(815301076,1909f56bfc062723c751e8b465ee728b)  -> (artifact id: 'f3ba78332cf2c6054a01b4d61e20a4a6') in 0.428195 seconds 
========================================================================
Received Import Request.
  Time since last request: 2268.267579 seconds.
  path: Assets/Fantasy Forest Environment Free Sample/Materials/dirt01.mat
  artifactKey: Guid(02f626fd2f11216458890862c5864d34) Importer(815301076,1909f56bfc062723c751e8b465ee728b)
Start importing Assets/Fantasy Forest Environment Free Sample/Materials/dirt01.mat using Guid(02f626fd2f11216458890862c5864d34) Importer(815301076,1909f56bfc062723c751e8b465ee728b)  -> (artifact id: '2c227566ee43f66c839675f650e0ac4f') in 0.187223 seconds 
========================================================================
Received Import Request.
  Time since last request: 0.000036 seconds.
  path: Assets/Fantasy Forest Environment Free Sample/Materials/skyMaterial.mat
  artifactKey: Guid(cb20c710b0721ef4d88cabbec2aa4da7) Importer(815301076,1909f56bfc062723c751e8b465ee728b)
Start importing Assets/Fantasy Forest Environment Free Sample/Materials/skyMaterial.mat using Guid(cb20c710b0721ef4d88cabbec2aa4da7) Importer(815301076,1909f56bfc062723c751e8b465ee728b)  -> (artifact id: 'c7f01d5d3b2e4344b904eb84ab166822') in 0.083152 seconds 
========================================================================
Received Import Request.
  Time since last request: 0.000040 seconds.
  path: Assets/Fantasy Forest Environment Free Sample/Materials/tree_branches.mat
  artifactKey: Guid(16a185093c7e02d40a49265c23c74417) Importer(815301076,1909f56bfc062723c751e8b465ee728b)
Start importing Assets/Fantasy Forest Environment Free Sample/Materials/tree_branches.mat using Guid(16a185093c7e02d40a49265c23c74417) Importer(815301076,1909f56bfc062723c751e8b465ee728b)  -> (artifact id: '28bfcb5497e0f5d6311383a3765f586a') in 0.041623 seconds 
========================================================================
Received Import Request.
  Time since last request: 0.000051 seconds.
  path: Assets/Fantasy Forest Environment Free Sample/Materials/grass01.mat
  artifactKey: Guid(40e69315dc8bd0b45be8bf7143248fba) Importer(815301076,1909f56bfc062723c751e8b465ee728b)
Start importing Assets/Fantasy Forest Environment Free Sample/Materials/grass01.mat using Guid(40e69315dc8bd0b45be8bf7143248fba) Importer(815301076,1909f56bfc062723c751e8b465ee728b)  -> (artifact id: 'e470c4e2122d960aa1b9c6bc64c7dc1e') in 0.020841 seconds 
========================================================================
Received Import Request.
  Time since last request: 440.866684 seconds.
  path: Assets/Fantasy Forest Environment Free Sample/Meshes/Source/tree_1.fbx
  artifactKey: Guid(4735160b42a3154428094dff59ef0f4e) Importer(815301076,1909f56bfc062723c751e8b465ee728b)
Start importing Assets/Fantasy Forest Environment Free Sample/Meshes/Source/tree_1.fbx using Guid(4735160b42a3154428094dff59ef0f4e) Importer(815301076,1909f56bfc062723c751e8b465ee728b)  -> (artifact id: 'f5ae64f692cbc38ce5fe989a32bed87d') in 0.242611 seconds 
========================================================================
Received Import Request.
  Time since last request: 12.626140 seconds.
  path: Assets/Modelos/Cartoon_Farm_Crops/Prefabs/Standard/Carrot_Fruit.prefab
  artifactKey: Guid(2cf13a738fc434c46bda5ebf7ca44756) Importer(815301076,1909f56bfc062723c751e8b465ee728b)
Start importing Assets/Modelos/Cartoon_Farm_Crops/Prefabs/Standard/Carrot_Fruit.prefab using Guid(2cf13a738fc434c46bda5ebf7ca44756) Importer(815301076,1909f56bfc062723c751e8b465ee728b)  -> (artifact id: 'afdc82385657704483cb5f8004653103') in 0.098058 seconds 
========================================================================
Received Import Request.
  Time since last request: 0.000029 seconds.
  path: Assets/Modelos/Cartoon_Farm_Crops/Prefabs/Standard/Eggplant_Fruit.prefab
  artifactKey: Guid(92417dd2b68fd6147a711fb2af4275b1) Importer(815301076,1909f56bfc062723c751e8b465ee728b)
Start importing Assets/Modelos/Cartoon_Farm_Crops/Prefabs/Standard/Eggplant_Fruit.prefab using Guid(92417dd2b68fd6147a711fb2af4275b1) Importer(815301076,1909f56bfc062723c751e8b465ee728b)  -> (artifact id: 'ba74e60201d4565a1e539cb1e7409d77') in 0.022980 seconds 
========================================================================
Received Import Request.
  Time since last request: 0.000050 seconds.
  path: Assets/Modelos/Cartoon_Farm_Crops/Prefabs/Mobile/Tomato_Plant.prefab
  artifactKey: Guid(1cee73a22ae3bff49a094a5883eabd3c) Importer(815301076,1909f56bfc062723c751e8b465ee728b)
Start importing Assets/Modelos/Cartoon_Farm_Crops/Prefabs/Mobile/Tomato_Plant.prefab using Guid(1cee73a22ae3bff49a094a5883eabd3c) Importer(815301076,1909f56bfc062723c751e8b465ee728b)  -> (artifact id: '8a5e48afd21cfdc2cfe095005b3b3066') in 0.019195 seconds 
========================================================================
Received Import Request.
  Time since last request: 0.000039 seconds.
  path: Assets/Modelos/Cartoon_Farm_Crops/Prefabs/Mobile/Turnip_Fruit.prefab
  artifactKey: Guid(becd827951d0b4046808ba97418ecf28) Importer(815301076,1909f56bfc062723c751e8b465ee728b)
Start importing Assets/Modelos/Cartoon_Farm_Crops/Prefabs/Mobile/Turnip_Fruit.prefab using Guid(becd827951d0b4046808ba97418ecf28) Importer(815301076,1909f56bfc062723c751e8b465ee728b)  -> (artifact id: 'c7ecc2de07da60b9e8e3c1f63ac700fb') in 0.023602 seconds 
========================================================================
Received Import Request.
  Time since last request: 0.000032 seconds.
  path: Assets/Modelos/Cartoon_Farm_Crops/Prefabs/Standard/Eggplant_Plant.prefab
  artifactKey: Guid(97c7589824dbbb24cbc2b95a9345ebb1) Importer(815301076,1909f56bfc062723c751e8b465ee728b)
Start importing Assets/Modelos/Cartoon_Farm_Crops/Prefabs/Standard/Eggplant_Plant.prefab using Guid(97c7589824dbbb24cbc2b95a9345ebb1) Importer(815301076,1909f56bfc062723c751e8b465ee728b)  -> (artifact id: 'd32ea53bafacc7258069d7dd69e9dd64') in 0.032931 seconds 
========================================================================
Received Import Request.
  Time since last request: 0.000024 seconds.
  path: Assets/Modelos/Cartoon_Farm_Crops/Prefabs/Standard/Pumpkin_Fruit.prefab
  artifactKey: Guid(0adfa404918648e42a1fb073ef9010d3) Importer(815301076,1909f56bfc062723c751e8b465ee728b)
Start importing Assets/Modelos/Cartoon_Farm_Crops/Prefabs/Standard/Pumpkin_Fruit.prefab using Guid(0adfa404918648e42a1fb073ef9010d3) Importer(815301076,1909f56bfc062723c751e8b465ee728b)  -> (artifact id: 'a5a84ab5b6ae9985f0692f3816644e79') in 0.024838 seconds 
========================================================================
Received Import Request.
  Time since last request: 0.000020 seconds.
  path: Assets/Modelos/Cartoon_Farm_Crops/Prefabs/Standard/Corn_Plant.prefab
  artifactKey: Guid(1c8776a0b36cd9a4f813bf0d2d59d109) Importer(815301076,1909f56bfc062723c751e8b465ee728b)
Start importing Assets/Modelos/Cartoon_Farm_Crops/Prefabs/Standard/Corn_Plant.prefab using Guid(1c8776a0b36cd9a4f813bf0d2d59d109) Importer(815301076,1909f56bfc062723c751e8b465ee728b)  -> (artifact id: '52ecab6e86a8b083d0e4ad0dfb300b10') in 0.025734 seconds 
========================================================================
Received Import Request.
  Time since last request: 0.000025 seconds.
  path: Assets/Modelos/Cartoon_Farm_Crops/Prefabs/Mobile/Turnip_Plant.prefab
  artifactKey: Guid(61b0f6b970bd324438f2ffc56c6ddf14) Importer(815301076,1909f56bfc062723c751e8b465ee728b)
Start importing Assets/Modelos/Cartoon_Farm_Crops/Prefabs/Mobile/Turnip_Plant.prefab using Guid(61b0f6b970bd324438f2ffc56c6ddf14) Importer(815301076,1909f56bfc062723c751e8b465ee728b)  -> (artifact id: 'db516a536459b92e70f4788dfa00202f') in 0.017858 seconds 
========================================================================
Received Import Request.
  Time since last request: 0.000023 seconds.
  path: Assets/Modelos/Cartoon_Farm_Crops/Prefabs/Mobile/Eggplant_Fruit.prefab
  artifactKey: Guid(f3a9c7ecfacfb2f4db788d6a3acdbf54) Importer(815301076,1909f56bfc062723c751e8b465ee728b)
Start importing Assets/Modelos/Cartoon_Farm_Crops/Prefabs/Mobile/Eggplant_Fruit.prefab using Guid(f3a9c7ecfacfb2f4db788d6a3acdbf54) Importer(815301076,1909f56bfc062723c751e8b465ee728b)  -> (artifact id: '2992cd6b027ab936ccfe99edafc84720') in 0.016060 seconds 
========================================================================
Received Import Request.
  Time since last request: 0.000038 seconds.
  path: Assets/Modelos/Cartoon_Farm_Crops/Prefabs/Mobile/Carrot_Plant.prefab
  artifactKey: Guid(20a97bb13c3ef18478cf9c86535b1e9b) Importer(815301076,1909f56bfc062723c751e8b465ee728b)
Start importing Assets/Modelos/Cartoon_Farm_Crops/Prefabs/Mobile/Carrot_Plant.prefab using Guid(20a97bb13c3ef18478cf9c86535b1e9b) Importer(815301076,1909f56bfc062723c751e8b465ee728b)  -> (artifact id: '1b66db4c6e031f71bab4b3d8d9242f6e') in 0.013984 seconds 
========================================================================
Received Import Request.
  Time since last request: 0.000030 seconds.
  path: Assets/Modelos/Cartoon_Farm_Crops/Prefabs/Mobile/Eggplant_Plant.prefab
  artifactKey: Guid(fa6407b600577284bb8840b157c7d1e3) Importer(815301076,1909f56bfc062723c751e8b465ee728b)
Start importing Assets/Modelos/Cartoon_Farm_Crops/Prefabs/Mobile/Eggplant_Plant.prefab using Guid(fa6407b600577284bb8840b157c7d1e3) Importer(815301076,1909f56bfc062723c751e8b465ee728b)  -> (artifact id: 'd547ed09404816a70b2ccb3c4f32078d') in 0.015205 seconds 
========================================================================
Received Import Request.
  Time since last request: 0.000038 seconds.
  path: Assets/Modelos/Cartoon_Farm_Crops/Prefabs/Standard/Turnip_Fruit.prefab
  artifactKey: Guid(9c0476b14d8c518499bcc0adff155ff8) Importer(815301076,1909f56bfc062723c751e8b465ee728b)
Start importing Assets/Modelos/Cartoon_Farm_Crops/Prefabs/Standard/Turnip_Fruit.prefab using Guid(9c0476b14d8c518499bcc0adff155ff8) Importer(815301076,1909f56bfc062723c751e8b465ee728b)  -> (artifact id: 'fd2d46ff31770f2918e866324ec3c73b') in 0.031413 seconds 
========================================================================
Received Import Request.
  Time since last request: 0.000041 seconds.
  path: Assets/Modelos/Cartoon_Farm_Crops/Prefabs/Standard/Tomato_Fruit.prefab
  artifactKey: Guid(ad3b2f45225bb0c4f8f80eacd5111af1) Importer(815301076,1909f56bfc062723c751e8b465ee728b)
Start importing Assets/Modelos/Cartoon_Farm_Crops/Prefabs/Standard/Tomato_Fruit.prefab using Guid(ad3b2f45225bb0c4f8f80eacd5111af1) Importer(815301076,1909f56bfc062723c751e8b465ee728b)  -> (artifact id: 'f60e920e9961b8f3c263c62e03708adf') in 0.032421 seconds 
========================================================================
Received Import Request.
  Time since last request: 0.000028 seconds.
  path: Assets/Modelos/Cartoon_Farm_Crops/Prefabs/Standard/Turnip_Plant.prefab
  artifactKey: Guid(f0666abddd74e5644ac4cf977d74e5e9) Importer(815301076,1909f56bfc062723c751e8b465ee728b)
Start importing Assets/Modelos/Cartoon_Farm_Crops/Prefabs/Standard/Turnip_Plant.prefab using Guid(f0666abddd74e5644ac4cf977d74e5e9) Importer(815301076,1909f56bfc062723c751e8b465ee728b)  -> (artifact id: 'f89f5d07762c41ae289e203ca8c3f765') in 0.029127 seconds 
========================================================================
Received Import Request.
  Time since last request: 0.000040 seconds.
  path: Assets/Modelos/Cartoon_Farm_Crops/Prefabs/Standard/Tomato_Plant.prefab
  artifactKey: Guid(323e5d46aea633c42bfadb66b36971d8) Importer(815301076,1909f56bfc062723c751e8b465ee728b)
Start importing Assets/Modelos/Cartoon_Farm_Crops/Prefabs/Standard/Tomato_Plant.prefab using Guid(323e5d46aea633c42bfadb66b36971d8) Importer(815301076,1909f56bfc062723c751e8b465ee728b)  -> (artifact id: 'c730ede26b117da21410342a7b8e0bd0') in 0.029253 seconds 
========================================================================
Received Import Request.
  Time since last request: 0.000030 seconds.
  path: Assets/Modelos/Cartoon_Farm_Crops/Prefabs/Mobile/Dirt_Pile.prefab
  artifactKey: Guid(8dfbe94bc89610d489620aca436a33ae) Importer(815301076,1909f56bfc062723c751e8b465ee728b)
Start importing Assets/Modelos/Cartoon_Farm_Crops/Prefabs/Mobile/Dirt_Pile.prefab using Guid(8dfbe94bc89610d489620aca436a33ae) Importer(815301076,1909f56bfc062723c751e8b465ee728b)  -> (artifact id: '9e4e2824675a9982193f1d2e0e24e419') in 0.017938 seconds 
========================================================================
Received Import Request.
  Time since last request: 0.000045 seconds.
  path: Assets/Modelos/Cartoon_Farm_Crops/Prefabs/Mobile/Pumpkin_Plant.prefab
  artifactKey: Guid(85cae589c09bb234d907a2ea8d0bac98) Importer(815301076,1909f56bfc062723c751e8b465ee728b)
Start importing Assets/Modelos/Cartoon_Farm_Crops/Prefabs/Mobile/Pumpkin_Plant.prefab using Guid(85cae589c09bb234d907a2ea8d0bac98) Importer(815301076,1909f56bfc062723c751e8b465ee728b)  -> (artifact id: 'e7f8db6334cdd824836a2827ef506b6e') in 0.019989 seconds 
========================================================================
Received Import Request.
  Time since last request: 1.146999 seconds.
  path: Assets/Modelos/Cartoon_Farm_Crops/Meshes/Cartoon_Farm_Crops_Mobile.fbx
  artifactKey: Guid(fbd33e75d8d4bf9479c9cb59e83a9e37) Importer(815301076,1909f56bfc062723c751e8b465ee728b)
Start importing Assets/Modelos/Cartoon_Farm_Crops/Meshes/Cartoon_Farm_Crops_Mobile.fbx using Guid(fbd33e75d8d4bf9479c9cb59e83a9e37) Importer(815301076,1909f56bfc062723c751e8b465ee728b)  -> (artifact id: '736536f7952edeece43ce226f479984e') in 0.118606 seconds 
========================================================================
Received Import Request.
  Time since last request: 0.000030 seconds.
  path: Assets/Modelos/Rabbits/Animations/Rabbit@Dead.fbx
  artifactKey: Guid(fddb956d20257974eb947797a75cba6f) Importer(815301076,1909f56bfc062723c751e8b465ee728b)
Start importing Assets/Modelos/Rabbits/Animations/Rabbit@Dead.fbx using Guid(fddb956d20257974eb947797a75cba6f) Importer(815301076,1909f56bfc062723c751e8b465ee728b)  -> (artifact id: '47a51b89d0b1cc107a9d410a2fd22f19') in 0.012945 seconds 
========================================================================
Received Import Request.
  Time since last request: 0.000037 seconds.
  path: Assets/Modelos/Rabbits/Animations/Rabbit@Idle.fbx
  artifactKey: Guid(7419c06bc8205ac4c85a55debfadae62) Importer(815301076,1909f56bfc062723c751e8b465ee728b)
Start importing Assets/Modelos/Rabbits/Animations/Rabbit@Idle.fbx using Guid(7419c06bc8205ac4c85a55debfadae62) Importer(815301076,1909f56bfc062723c751e8b465ee728b)  -> (artifact id: 'b56a1d6a23bce81a3be58a4640986e69') in 0.014587 seconds 
========================================================================
Received Import Request.
  Time since last request: 1.126869 seconds.
  path: Assets/Modelos/Cartoon_Farm_Crops/Materials/Carrot_Plant.mat
  artifactKey: Guid(12cb46c4f90417445acbbf4abb87381f) Importer(815301076,1909f56bfc062723c751e8b465ee728b)
Start importing Assets/Modelos/Cartoon_Farm_Crops/Materials/Carrot_Plant.mat using Guid(12cb46c4f90417445acbbf4abb87381f) Importer(815301076,1909f56bfc062723c751e8b465ee728b)  -> (artifact id: '5a234c55ba74a842b58d52bb0db62959') in 0.011990 seconds 
========================================================================
Received Import Request.
  Time since last request: 0.000032 seconds.
  path: Assets/Modelos/Cartoon_Farm_Crops/Materials/Dirt_Pile.mat
  artifactKey: Guid(1b6ad9e6ace69c2448dda1ea645d4556) Importer(815301076,1909f56bfc062723c751e8b465ee728b)
Start importing Assets/Modelos/Cartoon_Farm_Crops/Materials/Dirt_Pile.mat using Guid(1b6ad9e6ace69c2448dda1ea645d4556) Importer(815301076,1909f56bfc062723c751e8b465ee728b)  -> (artifact id: 'e130b64d87661d712d6a46eb7f02f69b') in 0.019054 seconds 
========================================================================
Received Import Request.
  Time since last request: 0.000022 seconds.
  path: Assets/Modelos/Cartoon_Farm_Crops/Materials/Tomato_Plant.mat
  artifactKey: Guid(e292b51f6375349498f26d572faddc1c) Importer(815301076,1909f56bfc062723c751e8b465ee728b)
Start importing Assets/Modelos/Cartoon_Farm_Crops/Materials/Tomato_Plant.mat using Guid(e292b51f6375349498f26d572faddc1c) Importer(815301076,1909f56bfc062723c751e8b465ee728b)  -> (artifact id: 'dcbc4fcd51d3caec88608cda95c6c0ba') in 0.014723 seconds 
========================================================================
Received Import Request.
  Time since last request: 0.000025 seconds.
  path: Assets/Modelos/Cartoon_Farm_Crops/Materials/Eggplant_Plant.mat
  artifactKey: Guid(3ab8b27d5c162cf48b0c8ad6ed2e1496) Importer(815301076,1909f56bfc062723c751e8b465ee728b)
Start importing Assets/Modelos/Cartoon_Farm_Crops/Materials/Eggplant_Plant.mat using Guid(3ab8b27d5c162cf48b0c8ad6ed2e1496) Importer(815301076,1909f56bfc062723c751e8b465ee728b)  -> (artifact id: '185ccbfffde2bc3c05fa22c90b2e0b2a') in 0.016548 seconds 
========================================================================
Received Import Request.
  Time since last request: 0.000024 seconds.
  path: Assets/Modelos/Cartoon_Farm_Crops/Materials/Turnip_Fruit.mat
  artifactKey: Guid(5c447342ee33d5e41b58c66831ddd16d) Importer(815301076,1909f56bfc062723c751e8b465ee728b)
Start importing Assets/Modelos/Cartoon_Farm_Crops/Materials/Turnip_Fruit.mat using Guid(5c447342ee33d5e41b58c66831ddd16d) Importer(815301076,1909f56bfc062723c751e8b465ee728b)  -> (artifact id: '4861f90d82cf4edc03fd7d8b5a64a8e3') in 0.015554 seconds 
========================================================================
Received Import Request.
  Time since last request: 0.000041 seconds.
  path: Assets/Modelos/Cartoon_Farm_Crops/Materials/Turnip_Plant.mat
  artifactKey: Guid(ee377534d2cf3e243ab8ce782be8b5ed) Importer(815301076,1909f56bfc062723c751e8b465ee728b)
Start importing Assets/Modelos/Cartoon_Farm_Crops/Materials/Turnip_Plant.mat using Guid(ee377534d2cf3e243ab8ce782be8b5ed) Importer(815301076,1909f56bfc062723c751e8b465ee728b)  -> (artifact id: '50bc10311cea01c9bbdb94e82ead348b') in 0.015673 seconds 
========================================================================
Received Import Request.
  Time since last request: 0.000068 seconds.
  path: Assets/Modelos/Cartoon_Farm_Crops/Materials/Corn_Fruit.mat
  artifactKey: Guid(bd3ac3aaa239ebf4396eb261af13874d) Importer(815301076,1909f56bfc062723c751e8b465ee728b)
Start importing Assets/Modelos/Cartoon_Farm_Crops/Materials/Corn_Fruit.mat using Guid(bd3ac3aaa239ebf4396eb261af13874d) Importer(815301076,1909f56bfc062723c751e8b465ee728b)  -> (artifact id: '1fed5ac5eeef5fc9d533f976c5a34a16') in 0.017802 seconds 
========================================================================
Received Import Request.
  Time since last request: 0.000025 seconds.
  path: Assets/Modelos/Cartoon_Farm_Crops/Materials/Pumpkin_Plant.mat
  artifactKey: Guid(0273778534c5ff64ead5f799219ca127) Importer(815301076,1909f56bfc062723c751e8b465ee728b)
Start importing Assets/Modelos/Cartoon_Farm_Crops/Materials/Pumpkin_Plant.mat using Guid(0273778534c5ff64ead5f799219ca127) Importer(815301076,1909f56bfc062723c751e8b465ee728b)  -> (artifact id: 'bc2ee32aa98496eed2237b0ce01a8cec') in 0.016517 seconds 
========================================================================
Received Import Request.
  Time since last request: 3.630227 seconds.
  path: Assets/Fantasy Forest Environment Free Sample/Textures/dirt01.tga
  artifactKey: Guid(30ec70ef60a2bb54ea2df6f72c77bdc6) Importer(815301076,1909f56bfc062723c751e8b465ee728b)
Start importing Assets/Fantasy Forest Environment Free Sample/Textures/dirt01.tga using Guid(30ec70ef60a2bb54ea2df6f72c77bdc6) Importer(815301076,1909f56bfc062723c751e8b465ee728b)  -> (artifact id: '9f99b96d312938f36f43f8bd468923db') in 0.025044 seconds 
========================================================================
Received Import Request.
  Time since last request: 0.000024 seconds.
  path: Assets/Fantasy Forest Environment Free Sample/Textures/grassmesh.png
  artifactKey: Guid(4e364662e65fd2d4a995a4efe45af277) Importer(815301076,1909f56bfc062723c751e8b465ee728b)
Start importing Assets/Fantasy Forest Environment Free Sample/Textures/grassmesh.png using Guid(4e364662e65fd2d4a995a4efe45af277) Importer(815301076,1909f56bfc062723c751e8b465ee728b)  -> (artifact id: '6aa7e2bde148db9a1ef0528190501ebc') in 0.015124 seconds 
========================================================================
Received Import Request.
  Time since last request: 0.000045 seconds.
  path: Assets/Fantasy Forest Environment Free Sample/Textures/tree_branches.png
  artifactKey: Guid(1d49d1e2d8a2b97478e3e0355dbf3a07) Importer(815301076,1909f56bfc062723c751e8b465ee728b)
Start importing Assets/Fantasy Forest Environment Free Sample/Textures/tree_branches.png using Guid(1d49d1e2d8a2b97478e3e0355dbf3a07) Importer(815301076,1909f56bfc062723c751e8b465ee728b)  -> (artifact id: 'f87d6d75c412849c5d3fa5f16eb82b68') in 0.017836 seconds 
Editor requested this worker to shutdown with reason: Scaling down because of idle timeout
AssetImportWorker is now disconnected from the server
Process exiting
Exiting without the bug reporter. Application will terminate with return code 0