Using pre-set license
Built from '2021.3/staging' branch; Version is '2021.3.16f1 (4016570cf34f) revision 4200023'; Using compiler version '192829333'; Build Type 'Release'
OS: 'Windows 10  (10.0.19045) 64bit ProfessionalEducation' Language: 'pt' Physical Memory: 15741 MB
BatchMode: 1, IsHumanControllingUs: 0, StartBugReporterOnCrash: 0, Is64bit: 1, IsPro: 1

COMMAND LINE ARGUMENTS:
C:\Program Files\Unity\Hub\Editor\2021.3.16f1\Editor\Unity.exe
-adb2
-batchMode
-noUpm
-name
AssetImportWorker2
-projectPath
C:/Users/ALUNO - LAB 5/Documents/GitHub/Corrida-infinita/Corrida
-logFile
Logs/AssetImportWorker2.log
-srvPort
56034
Successfully changed project path to: C:/Users/ALUNO - LAB 5/Documents/GitHub/Corrida-infinita/Corrida
C:/Users/ALUNO - LAB 5/Documents/GitHub/Corrida-infinita/Corrida
[UnityMemory] Configuration Parameters - Can be set up in boot.config
    "memorysetup-bucket-allocator-granularity=16"
    "memorysetup-bucket-allocator-bucket-count=8"
    "memorysetup-bucket-allocator-block-size=33554432"
    "memorysetup-bucket-allocator-block-count=8"
    "memorysetup-main-allocator-block-size=16777216"
    "memorysetup-thread-allocator-block-size=16777216"
    "memorysetup-gfx-main-allocator-block-size=16777216"
    "memorysetup-gfx-thread-allocator-block-size=16777216"
    "memorysetup-cache-allocator-block-size=4194304"
    "memorysetup-typetree-allocator-block-size=2097152"
    "memorysetup-profiler-bucket-allocator-granularity=16"
    "memorysetup-profiler-bucket-allocator-bucket-count=8"
    "memorysetup-profiler-bucket-allocator-block-size=33554432"
    "memorysetup-profiler-bucket-allocator-block-count=8"
    "memorysetup-profiler-allocator-block-size=16777216"
    "memorysetup-profiler-editor-allocator-block-size=1048576"
    "memorysetup-temp-allocator-size-main=16777216"
    "memorysetup-job-temp-allocator-block-size=2097152"
    "memorysetup-job-temp-allocator-block-size-background=1048576"
    "memorysetup-job-temp-allocator-reduction-small-platforms=262144"
    "memorysetup-temp-allocator-size-background-worker=32768"
    "memorysetup-temp-allocator-size-job-worker=262144"
    "memorysetup-temp-allocator-size-preload-manager=33554432"
    "memorysetup-temp-allocator-size-nav-mesh-worker=65536"
    "memorysetup-temp-allocator-size-audio-worker=65536"
    "memorysetup-temp-allocator-size-cloud-worker=32768"
    "memorysetup-temp-allocator-size-gi-baking-worker=262144"
    "memorysetup-temp-allocator-size-gfx=262144"
Player connection [12884] Host "[IP] 10.68.40.237 [Port] 0 [Flags] 2 [Guid] 1883114462 [EditorId] 1883114462 [Version] 1048832 [Id] WindowsEditor(7,DESKTOP-0J930PD) [Debug] 1 [PackageName] WindowsEditor [ProjectName] Editor" joined multi-casting on [225.0.0.222:54997]...

Player connection [12884] Host "[IP] 10.68.40.237 [Port] 0 [Flags] 2 [Guid] 1883114462 [EditorId] 1883114462 [Version] 1048832 [Id] WindowsEditor(7,DESKTOP-0J930PD) [Debug] 1 [PackageName] WindowsEditor [ProjectName] Editor" joined alternative multi-casting on [225.0.0.222:34997]...

Refreshing native plugins compatible for Editor in 148.51 ms, found 3 plugins.
Preloading 0 native plugins for Editor in 0.00 ms.
Initialize engine version: 2021.3.16f1 (4016570cf34f)
[Subsystems] Discovering subsystems at path C:/Program Files/Unity/Hub/Editor/2021.3.16f1/Editor/Data/Resources/UnitySubsystems
[Subsystems] Discovering subsystems at path C:/Users/ALUNO - LAB 5/Documents/GitHub/Corrida-infinita/Corrida/Assets
GfxDevice: creating device client; threaded=0; jobified=0
Direct3D:
    Version:  Direct3D 11.0 [level 11.1]
    Renderer: AMD Radeon(TM) Graphics (ID=0x1636)
    Vendor:   ATI
    VRAM:     7870 MB
    Driver:   31.0.12018.3001
Initialize mono
Mono path[0] = 'C:/Program Files/Unity/Hub/Editor/2021.3.16f1/Editor/Data/Managed'
Mono path[1] = 'C:/Program Files/Unity/Hub/Editor/2021.3.16f1/Editor/Data/MonoBleedingEdge/lib/mono/unityjit-win32'
Mono config path = 'C:/Program Files/Unity/Hub/Editor/2021.3.16f1/Editor/Data/MonoBleedingEdge/etc'
Using monoOptions --debugger-agent=transport=dt_socket,embedding=1,server=y,suspend=n,address=127.0.0.1:56128
Begin MonoManager ReloadAssembly
Registering precompiled unity dll's ...
Register platform support module: C:/Program Files/Unity/Hub/Editor/2021.3.16f1/Editor/Data/PlaybackEngines/WebGLSupport/UnityEditor.WebGL.Extensions.dll
Register platform support module: C:/Program Files/Unity/Hub/Editor/2021.3.16f1/Editor/Data/PlaybackEngines/AndroidPlayer/UnityEditor.Android.Extensions.dll
Register platform support module: C:/Program Files/Unity/Hub/Editor/2021.3.16f1/Editor/Data/PlaybackEngines/WindowsStandaloneSupport/UnityEditor.WindowsStandalone.Extensions.dll
Registered in 0.356357 seconds.
Native extension for WindowsStandalone target not found
Native extension for Android target not found
Native extension for WebGL target not found
Refreshing native plugins compatible for Editor in 81.41 ms, found 3 plugins.
Preloading 0 native plugins for Editor in 0.00 ms.
Mono: successfully reloaded assembly
- Completed reload, in  5.782 seconds
Domain Reload Profiling:
	ReloadAssembly (5782ms)
		BeginReloadAssembly (3803ms)
			ExecutionOrderSort (0ms)
			DisableScriptedObjects (0ms)
			BackupInstance (0ms)
			ReleaseScriptingObjects (0ms)
			CreateAndSetChildDomain (1ms)
		EndReloadAssembly (1281ms)
			LoadAssemblies (3806ms)
			RebuildTransferFunctionScriptingTraits (0ms)
			SetupTypeCache (902ms)
			ReleaseScriptCaches (0ms)
			RebuildScriptCaches (26ms)
			SetupLoadedEditorAssemblies (303ms)
				LogAssemblyErrors (0ms)
				InitializePlatformSupportModulesInManaged (53ms)
				SetLoadedEditorAssemblies (0ms)
				RefreshPlugins (82ms)
				BeforeProcessingInitializeOnLoad (1ms)
				ProcessInitializeOnLoadAttributes (109ms)
				ProcessInitializeOnLoadMethodAttributes (57ms)
				AfterProcessingInitializeOnLoad (0ms)
				EditorAssembliesLoaded (0ms)
			ExecutionOrderSort2 (0ms)
			AwakeInstancesAfterBackupRestoration (0ms)
Platform modules already initialized, skipping
Registering precompiled user dll's ...
Registered in 0.005029 seconds.
Android Extension - Scanning For ADB Devices 4506 ms
Begin MonoManager ReloadAssembly
Symbol file LoadedFromMemory doesn't match image C:\Users\ALUNO - LAB 5\Documents\GitHub\Corrida-infinita\Corrida\Library\PackageCache\com.unity.visualscripting@1.7.8\Editor\VisualScripting.Core\Dependencies\YamlDotNet\Unity.VisualScripting.YamlDotNet.dll
Symbol file LoadedFromMemory doesn't match image C:\Users\ALUNO - LAB 5\Documents\GitHub\Corrida-infinita\Corrida\Library\PackageCache\com.unity.visualscripting@1.7.8\Editor\VisualScripting.Core\Dependencies\DotNetZip\Unity.VisualScripting.IonicZip.dll
Native extension for WindowsStandalone target not found
Native extension for Android target not found
Native extension for WebGL target not found
Refreshing native plugins compatible for Editor in 0.62 ms, found 3 plugins.
Preloading 0 native plugins for Editor in 0.00 ms.
Mono: successfully reloaded assembly
- Completed reload, in  5.125 seconds
Domain Reload Profiling:
	ReloadAssembly (5125ms)
		BeginReloadAssembly (99ms)
			ExecutionOrderSort (0ms)
			DisableScriptedObjects (5ms)
			BackupInstance (0ms)
			ReleaseScriptingObjects (0ms)
			CreateAndSetChildDomain (20ms)
		EndReloadAssembly (4858ms)
			LoadAssemblies (2805ms)
			RebuildTransferFunctionScriptingTraits (0ms)
			SetupTypeCache (796ms)
			ReleaseScriptCaches (1ms)
			RebuildScriptCaches (48ms)
			SetupLoadedEditorAssemblies (1174ms)
				LogAssemblyErrors (0ms)
				InitializePlatformSupportModulesInManaged (14ms)
				SetLoadedEditorAssemblies (0ms)
				RefreshPlugins (1ms)
				BeforeProcessingInitializeOnLoad (81ms)
				ProcessInitializeOnLoadAttributes (214ms)
				ProcessInitializeOnLoadMethodAttributes (857ms)
				AfterProcessingInitializeOnLoad (6ms)
				EditorAssembliesLoaded (0ms)
			ExecutionOrderSort2 (0ms)
			AwakeInstancesAfterBackupRestoration (6ms)
Platform modules already initialized, skipping
========================================================================
Worker process is ready to serve import requests
Launched and connected shader compiler UnityShaderCompiler.exe after 0.07 seconds
Refreshing native plugins compatible for Editor in 0.63 ms, found 3 plugins.
Preloading 0 native plugins for Editor in 0.00 ms.
Unloading 3363 Unused Serialized files (Serialized files now loaded: 0)
Unloading 27 unused Assets / (114.1 KB). Loaded Objects now: 3833.
Memory consumption went from 122.2 MB to 122.1 MB.
Total: 3.015600 ms (FindLiveObjects: 0.332200 ms CreateObjectMapping: 0.115600 ms MarkObjects: 2.435900 ms  DeleteObjects: 0.130800 ms)

AssetImportParameters requested are different than current active one (requested -> active):
  custom:video-decoder-ogg-theora: a1e56fd34408186e4bbccfd4996cb3dc -> 
  custom:container-muxer-webm: aa71ff27fc2769a1b78a27578f13a17b -> 
  custom:container-demuxer-webm: 4f35f7cbe854078d1ac9338744f61a02 -> 
  custom:video-encoder-webm-vp8: eb34c28f22e8b96e1ab97ce403110664 -> 
  custom:video-codec-MediaFoundation-h265: 746d11721c4dcdbdad8f713fa42b33f4 -> 
  custom:audio-encoder-webm-vorbis: bf7c407c2cedff20999df2af8eb42d56 -> 
  custom:framework-win-MediaFoundation: 216162199b28c13a410421893ffa2e32 -> 
  custom:container-demuxer-ogg: 62fdf1f143b41e24485cea50d1cbac27 -> 
  custom:video-decoder-webm-vp8: 9c59270c3fd7afecdb556c50c9e8de78 -> 
  custom:audio-decoder-ogg-vorbis: bf7c407c2cedff20999df2af8eb42d56 -> 
========================================================================
Received Import Request.
  Time since last request: 91794.923336 seconds.
  path: Assets/Fantasy Forest Environment Free Sample/Meshes/Source/grass01.FBX
  artifactKey: Guid(4de33cfabd2a0a64caa7f20596f00adf) Importer(815301076,1909f56bfc062723c751e8b465ee728b)
Start importing Assets/Fantasy Forest Environment Free Sample/Meshes/Source/grass01.FBX using Guid(4de33cfabd2a0a64caa7f20596f00adf) Importer(815301076,1909f56bfc062723c751e8b465ee728b)  -> (artifact id: 'fef55aec867bf3b143179ef6b9be71e0') in 0.249789 seconds 
========================================================================
Received Import Request.
  Time since last request: 12.613725 seconds.
  path: Assets/Modelos/Cartoon_Farm_Crops/Prefabs/Mobile/Carrot_Fruit.prefab
  artifactKey: Guid(5ccf902a46d565441be630bd717cab9e) Importer(815301076,1909f56bfc062723c751e8b465ee728b)
Start importing Assets/Modelos/Cartoon_Farm_Crops/Prefabs/Mobile/Carrot_Fruit.prefab using Guid(5ccf902a46d565441be630bd717cab9e) Importer(815301076,1909f56bfc062723c751e8b465ee728b)  -> (artifact id: 'bd59be7e66fa49e895b02f40abdcdfe0') in 0.045197 seconds 
========================================================================
Received Import Request.
  Time since last request: 0.000022 seconds.
  path: Assets/Modelos/Cartoon_Farm_Crops/Prefabs/Standard/Carrot_Plant.prefab
  artifactKey: Guid(56b36da289d9a9e4cb37c5f588e23748) Importer(815301076,1909f56bfc062723c751e8b465ee728b)
Start importing Assets/Modelos/Cartoon_Farm_Crops/Prefabs/Standard/Carrot_Plant.prefab using Guid(56b36da289d9a9e4cb37c5f588e23748) Importer(815301076,1909f56bfc062723c751e8b465ee728b)  -> (artifact id: '0572e4f8c8529aae5a281af39b47872d') in 0.023737 seconds 
========================================================================
Received Import Request.
  Time since last request: 0.000024 seconds.
  path: Assets/Modelos/Cartoon_Farm_Crops/Prefabs/Standard/Dirt_Pile.prefab
  artifactKey: Guid(c26cacf51e485c54b95fdbf9ad976ddf) Importer(815301076,1909f56bfc062723c751e8b465ee728b)
Start importing Assets/Modelos/Cartoon_Farm_Crops/Prefabs/Standard/Dirt_Pile.prefab using Guid(c26cacf51e485c54b95fdbf9ad976ddf) Importer(815301076,1909f56bfc062723c751e8b465ee728b)  -> (artifact id: '8cacc1e596048f079907395b1d25bbad') in 0.020909 seconds 
========================================================================
Received Import Request.
  Time since last request: 0.000043 seconds.
  path: Assets/Modelos/Cartoon_Farm_Crops/Prefabs/Standard/Pumpkin_Plant.prefab
  artifactKey: Guid(30319199574ca3644bf3898bb5cac486) Importer(815301076,1909f56bfc062723c751e8b465ee728b)
Start importing Assets/Modelos/Cartoon_Farm_Crops/Prefabs/Standard/Pumpkin_Plant.prefab using Guid(30319199574ca3644bf3898bb5cac486) Importer(815301076,1909f56bfc062723c751e8b465ee728b)  -> (artifact id: 'f8a5152c7cf1f75a133b38192ad8d14a') in 0.024178 seconds 
========================================================================
Received Import Request.
  Time since last request: 0.000032 seconds.
  path: Assets/Modelos/Rabbits/Prefabs/Rabbit 1.prefab
  artifactKey: Guid(c737dd230724d61469e1c672cf47ed9e) Importer(815301076,1909f56bfc062723c751e8b465ee728b)
Start importing Assets/Modelos/Rabbits/Prefabs/Rabbit 1.prefab using Guid(c737dd230724d61469e1c672cf47ed9e) Importer(815301076,1909f56bfc062723c751e8b465ee728b)  -> (artifact id: '3a068e4e06ce1b369e6485891e6cbf60') in 0.239126 seconds 
========================================================================
Received Import Request.
  Time since last request: 0.000043 seconds.
  path: Assets/Modelos/Cartoon_Farm_Crops/Prefabs/Mobile/Pumpkin_Fruit.prefab
  artifactKey: Guid(c2a2644fedfa0a849bbc9b40600c5c65) Importer(815301076,1909f56bfc062723c751e8b465ee728b)
Start importing Assets/Modelos/Cartoon_Farm_Crops/Prefabs/Mobile/Pumpkin_Fruit.prefab using Guid(c2a2644fedfa0a849bbc9b40600c5c65) Importer(815301076,1909f56bfc062723c751e8b465ee728b)  -> (artifact id: 'b863c5841f0aa4ae394c43df9cbdcbcd') in 0.016947 seconds 
========================================================================
Received Import Request.
  Time since last request: 0.000041 seconds.
  path: Assets/Modelos/Cartoon_Farm_Crops/Prefabs/Mobile/Corn_Plant.prefab
  artifactKey: Guid(a97ffd75102541b46b48cffc80ef3da0) Importer(815301076,1909f56bfc062723c751e8b465ee728b)
Start importing Assets/Modelos/Cartoon_Farm_Crops/Prefabs/Mobile/Corn_Plant.prefab using Guid(a97ffd75102541b46b48cffc80ef3da0) Importer(815301076,1909f56bfc062723c751e8b465ee728b)  -> (artifact id: '6ac73cca14c6e5419465c67c6e55ec19') in 0.016624 seconds 
========================================================================
Received Import Request.
  Time since last request: 0.000032 seconds.
  path: Assets/Modelos/Rabbits/Demo/Prefabs/Demo White Rabbit.prefab
  artifactKey: Guid(3f9dcd6bf73fe2f40806fb0074f456c4) Importer(815301076,1909f56bfc062723c751e8b465ee728b)
Start importing Assets/Modelos/Rabbits/Demo/Prefabs/Demo White Rabbit.prefab using Guid(3f9dcd6bf73fe2f40806fb0074f456c4) Importer(815301076,1909f56bfc062723c751e8b465ee728b)  -> (artifact id: '420cc63d933e5ecf07db03e43d2f77c4') in 0.057357 seconds 
========================================================================
Received Import Request.
  Time since last request: 0.000034 seconds.
  path: Assets/Modelos/Cartoon_Farm_Crops/Prefabs/Standard/Corn_Fruit.prefab
  artifactKey: Guid(8490d29919917de4ca0c5297d93090d7) Importer(815301076,1909f56bfc062723c751e8b465ee728b)
Start importing Assets/Modelos/Cartoon_Farm_Crops/Prefabs/Standard/Corn_Fruit.prefab using Guid(8490d29919917de4ca0c5297d93090d7) Importer(815301076,1909f56bfc062723c751e8b465ee728b)  -> (artifact id: '0d090c20d1d4bc8d9a4c839d2253fe14') in 0.030906 seconds 
========================================================================
Received Import Request.
  Time since last request: 0.000024 seconds.
  path: Assets/Modelos/Cartoon_Farm_Crops/Prefabs/Mobile/Corn_Fruit.prefab
  artifactKey: Guid(525cdbe33e2709049b014f3e3748e15a) Importer(815301076,1909f56bfc062723c751e8b465ee728b)
Start importing Assets/Modelos/Cartoon_Farm_Crops/Prefabs/Mobile/Corn_Fruit.prefab using Guid(525cdbe33e2709049b014f3e3748e15a) Importer(815301076,1909f56bfc062723c751e8b465ee728b)  -> (artifact id: '551ab7ea34fd6d4af4015f24fab049e1') in 0.017038 seconds 
========================================================================
Received Import Request.
  Time since last request: 0.000031 seconds.
  path: Assets/Modelos/Cartoon_Farm_Crops/Prefabs/Mobile/Tomato_Fruit.prefab
  artifactKey: Guid(054e8622a5bae1644b0baa6708dbbc5d) Importer(815301076,1909f56bfc062723c751e8b465ee728b)
Start importing Assets/Modelos/Cartoon_Farm_Crops/Prefabs/Mobile/Tomato_Fruit.prefab using Guid(054e8622a5bae1644b0baa6708dbbc5d) Importer(815301076,1909f56bfc062723c751e8b465ee728b)  -> (artifact id: '9ef748297a93a489618833bbc5eea801') in 0.016692 seconds 
========================================================================
Received Import Request.
  Time since last request: 1.143975 seconds.
  path: Assets/Modelos/Cartoon_Farm_Crops/Meshes/Cartoon_Farm_Crops.fbx
  artifactKey: Guid(b69b26c8b73b8bd49bf243bbe541a2e0) Importer(815301076,1909f56bfc062723c751e8b465ee728b)
Start importing Assets/Modelos/Cartoon_Farm_Crops/Meshes/Cartoon_Farm_Crops.fbx using Guid(b69b26c8b73b8bd49bf243bbe541a2e0) Importer(815301076,1909f56bfc062723c751e8b465ee728b)  -> (artifact id: '4a9251b0c05b668f3f338f9db3395a0b') in 0.121180 seconds 
========================================================================
Received Import Request.
  Time since last request: 0.000031 seconds.
  path: Assets/Modelos/Rabbits/Animations/Rabbit@Run.fbx
  artifactKey: Guid(dd7f7570f26fc4e4aab4c4c2fc42fda5) Importer(815301076,1909f56bfc062723c751e8b465ee728b)
Start importing Assets/Modelos/Rabbits/Animations/Rabbit@Run.fbx using Guid(dd7f7570f26fc4e4aab4c4c2fc42fda5) Importer(815301076,1909f56bfc062723c751e8b465ee728b)  -> (artifact id: '59a074244ed795b5cea503a115e07240') in 0.012161 seconds 
========================================================================
Received Import Request.
  Time since last request: 0.000042 seconds.
  path: Assets/Modelos/Rabbits/Model/Rabbit.fbx
  artifactKey: Guid(0962bdca27eaca34aaa15f7fdf608faf) Importer(815301076,1909f56bfc062723c751e8b465ee728b)
Start importing Assets/Modelos/Rabbits/Model/Rabbit.fbx using Guid(0962bdca27eaca34aaa15f7fdf608faf) Importer(815301076,1909f56bfc062723c751e8b465ee728b)  -> (artifact id: '6468afb45c1420ca6f08f3d4a5fbcbe6') in 0.039780 seconds 
========================================================================
Received Import Request.
  Time since last request: 1.098671 seconds.
  path: Assets/Modelos/Cartoon_Farm_Crops/Materials/Carrot_Fruit.mat
  artifactKey: Guid(89de6558677c5e641bb66722cb40672a) Importer(815301076,1909f56bfc062723c751e8b465ee728b)
Start importing Assets/Modelos/Cartoon_Farm_Crops/Materials/Carrot_Fruit.mat using Guid(89de6558677c5e641bb66722cb40672a) Importer(815301076,1909f56bfc062723c751e8b465ee728b)  -> (artifact id: 'd0dbb681a97a108993064389fa311c0b') in 0.030124 seconds 
========================================================================
Received Import Request.
  Time since last request: 0.000026 seconds.
  path: Assets/Modelos/Cartoon_Farm_Crops/Materials/Pumpkin_Fruit.mat
  artifactKey: Guid(d41c833ca4c077c449fc8b214fa60dc0) Importer(815301076,1909f56bfc062723c751e8b465ee728b)
Start importing Assets/Modelos/Cartoon_Farm_Crops/Materials/Pumpkin_Fruit.mat using Guid(d41c833ca4c077c449fc8b214fa60dc0) Importer(815301076,1909f56bfc062723c751e8b465ee728b)  -> (artifact id: 'bf0a5fcda949ffc6f02aa8b65c1af393') in 0.015108 seconds 
========================================================================
Received Import Request.
  Time since last request: 0.000036 seconds.
  path: Assets/Modelos/Cartoon_Farm_Crops/Materials/Corn_Plant.mat
  artifactKey: Guid(a46349869de82824ba02d48aa61e68f7) Importer(815301076,1909f56bfc062723c751e8b465ee728b)
Start importing Assets/Modelos/Cartoon_Farm_Crops/Materials/Corn_Plant.mat using Guid(a46349869de82824ba02d48aa61e68f7) Importer(815301076,1909f56bfc062723c751e8b465ee728b)  -> (artifact id: '48a40d59ee1d572e3b7f1ac5a70a7139') in 0.018365 seconds 
========================================================================
Received Import Request.
  Time since last request: 0.000023 seconds.
  path: Assets/Modelos/Cartoon_Farm_Crops/Materials/Eggplant_Fruit.mat
  artifactKey: Guid(84069b5b67b23e24b85eac888c3f5bc2) Importer(815301076,1909f56bfc062723c751e8b465ee728b)
Start importing Assets/Modelos/Cartoon_Farm_Crops/Materials/Eggplant_Fruit.mat using Guid(84069b5b67b23e24b85eac888c3f5bc2) Importer(815301076,1909f56bfc062723c751e8b465ee728b)  -> (artifact id: '9062dcd4c06933d9e046485f525c8f17') in 0.015194 seconds 
========================================================================
Received Import Request.
  Time since last request: 0.000030 seconds.
  path: Assets/Modelos/Rabbits/Materials/Rabbit_Eyes.mat
  artifactKey: Guid(d63f66543778067409d35df0810847bf) Importer(815301076,1909f56bfc062723c751e8b465ee728b)
Start importing Assets/Modelos/Rabbits/Materials/Rabbit_Eyes.mat using Guid(d63f66543778067409d35df0810847bf) Importer(815301076,1909f56bfc062723c751e8b465ee728b)  -> (artifact id: '13cd32181b13966b04cfc39d450c176d') in 0.019976 seconds 
========================================================================
Received Import Request.
  Time since last request: 0.000030 seconds.
  path: Assets/Modelos/Rabbits/Materials/Rabbit1.mat
  artifactKey: Guid(11f39b2ab10a2184d84e62f1906a4a05) Importer(815301076,1909f56bfc062723c751e8b465ee728b)
Start importing Assets/Modelos/Rabbits/Materials/Rabbit1.mat using Guid(11f39b2ab10a2184d84e62f1906a4a05) Importer(815301076,1909f56bfc062723c751e8b465ee728b)  -> (artifact id: '6e4d009ee4724066695896c997978c0f') in 0.017707 seconds 
========================================================================
Received Import Request.
  Time since last request: 0.000037 seconds.
  path: Assets/Modelos/Cartoon_Farm_Crops/Materials/Tomato_Fruit.mat
  artifactKey: Guid(388986c9e8f85524db50964a7d9d5052) Importer(815301076,1909f56bfc062723c751e8b465ee728b)
Start importing Assets/Modelos/Cartoon_Farm_Crops/Materials/Tomato_Fruit.mat using Guid(388986c9e8f85524db50964a7d9d5052) Importer(815301076,1909f56bfc062723c751e8b465ee728b)  -> (artifact id: '35f06a1b5dc0471b90fe4bccdf26dbbc') in 0.016138 seconds 
========================================================================
Received Import Request.
  Time since last request: 0.000050 seconds.
  path: Assets/Modelos/Cartoon_Farm_Crops/Materials/Cartoon_Farm_Crops_Mobiles.mat
  artifactKey: Guid(29a286d2dc90be241a18e462c6b29a5c) Importer(815301076,1909f56bfc062723c751e8b465ee728b)
Start importing Assets/Modelos/Cartoon_Farm_Crops/Materials/Cartoon_Farm_Crops_Mobiles.mat using Guid(29a286d2dc90be241a18e462c6b29a5c) Importer(815301076,1909f56bfc062723c751e8b465ee728b)  -> (artifact id: '346061be87b4e7449956091be259158f') in 0.017029 seconds 
========================================================================
Received Import Request.
  Time since last request: 3.608259 seconds.
  path: Assets/Fantasy Forest Environment Free Sample/Textures/bark01_bottom.tga
  artifactKey: Guid(4e44992d8a199a546aeaaa6ebc63b91a) Importer(815301076,1909f56bfc062723c751e8b465ee728b)
Start importing Assets/Fantasy Forest Environment Free Sample/Textures/bark01_bottom.tga using Guid(4e44992d8a199a546aeaaa6ebc63b91a) Importer(815301076,1909f56bfc062723c751e8b465ee728b)  -> (artifact id: 'e7451cd620d5765e582ea27b24bc7e2f') in 0.027291 seconds 
========================================================================
Received Import Request.
  Time since last request: 0.000043 seconds.
  path: Assets/Fantasy Forest Environment Free Sample/Textures/grass01_b.tga
  artifactKey: Guid(b69992f31e7145e4ba49aa8118c5541c) Importer(815301076,1909f56bfc062723c751e8b465ee728b)
Start importing Assets/Fantasy Forest Environment Free Sample/Textures/grass01_b.tga using Guid(b69992f31e7145e4ba49aa8118c5541c) Importer(815301076,1909f56bfc062723c751e8b465ee728b)  -> (artifact id: 'a88c225b71d1309850a3a5d2cd14b261') in 0.026018 seconds 
========================================================================
Received Import Request.
  Time since last request: 18.745158 seconds.
  path: Assets/Fantasy Forest Environment Free Sample/Scenes/New Terrain.asset
  artifactKey: Guid(02bc0e2176f6a4e4ea3faf0c622664cf) Importer(815301076,1909f56bfc062723c751e8b465ee728b)
Start importing Assets/Fantasy Forest Environment Free Sample/Scenes/New Terrain.asset using Guid(02bc0e2176f6a4e4ea3faf0c622664cf) Importer(815301076,1909f56bfc062723c751e8b465ee728b)  -> (artifact id: 'dd254b5cb6ad51b3a08c5dca274b41ed') in 0.053014 seconds 
========================================================================
Received Import Request.
  Time since last request: 42.249592 seconds.
  path: Assets/Supercyan Free Forest Sample/Materials
  artifactKey: Guid(bc070e9f178c14842a77e750ed455f02) Importer(815301076,1909f56bfc062723c751e8b465ee728b)
Start importing Assets/Supercyan Free Forest Sample/Materials using Guid(bc070e9f178c14842a77e750ed455f02) Importer(815301076,1909f56bfc062723c751e8b465ee728b)  -> (artifact id: '9ed47a4277d70492c16c13f7e18db72b') in 0.008655 seconds 
========================================================================
Received Import Request.
  Time since last request: 3.977807 seconds.
  path: Assets/Supercyan Free Forest Sample/Models
  artifactKey: Guid(0d16334b89c473140a16455f5e844d76) Importer(815301076,1909f56bfc062723c751e8b465ee728b)
Start importing Assets/Supercyan Free Forest Sample/Models using Guid(0d16334b89c473140a16455f5e844d76) Importer(815301076,1909f56bfc062723c751e8b465ee728b)  -> (artifact id: '66a8f08046465ad04cc8f5e4171212eb') in 0.011731 seconds 
========================================================================
Received Import Request.
  Time since last request: 5.967679 seconds.
  path: Assets/Modelos/Cartoon_Farm_Crops
  artifactKey: Guid(ae71e93c73ad7d547a90f6572ea00e98) Importer(815301076,1909f56bfc062723c751e8b465ee728b)
Start importing Assets/Modelos/Cartoon_Farm_Crops using Guid(ae71e93c73ad7d547a90f6572ea00e98) Importer(815301076,1909f56bfc062723c751e8b465ee728b)  -> (artifact id: 'ffe520d58cbec3dbb2287c9aa4f1747a') in 0.002554 seconds 
========================================================================
Received Import Request.
  Time since last request: 10.736722 seconds.
  path: Assets/Supercyan Free Forest Sample/Materials/High Quality
  artifactKey: Guid(586f14ae3538f11478b8dd5d23f10776) Importer(815301076,1909f56bfc062723c751e8b465ee728b)
Start importing Assets/Supercyan Free Forest Sample/Materials/High Quality using Guid(586f14ae3538f11478b8dd5d23f10776) Importer(815301076,1909f56bfc062723c751e8b465ee728b)  -> (artifact id: '0f71a042aa5bafcbdc81094a01bd5da9') in 0.008809 seconds 
========================================================================
Received Import Request.
  Time since last request: 4.618112 seconds.
  path: Assets/Supercyan Free Forest Sample/Materials/High Quality/Foliage
  artifactKey: Guid(8cd04ae807995f94b93afb88bb040f39) Importer(815301076,1909f56bfc062723c751e8b465ee728b)
Start importing Assets/Supercyan Free Forest Sample/Materials/High Quality/Foliage using Guid(8cd04ae807995f94b93afb88bb040f39) Importer(815301076,1909f56bfc062723c751e8b465ee728b)  -> (artifact id: 'e018ed4cd2b0f453ddf334b139d3e78d') in 0.009014 seconds 
========================================================================
Received Import Request.
  Time since last request: 0.046193 seconds.
  path: Assets/Supercyan Free Forest Sample/Materials/High Quality/Foliage/forestpack_foliage.mat
  artifactKey: Guid(7a8b02b78b9ba2b46bf67cddab7b9947) Importer(815301076,1909f56bfc062723c751e8b465ee728b)
Start importing Assets/Supercyan Free Forest Sample/Materials/High Quality/Foliage/forestpack_foliage.mat using Guid(7a8b02b78b9ba2b46bf67cddab7b9947) Importer(815301076,1909f56bfc062723c751e8b465ee728b)  -> (artifact id: '9eaf2ae1af7978c3b1fb2a6d5b8b0978') in 0.106788 seconds 
========================================================================
Received Import Request.
  Time since last request: 8.492308 seconds.
  path: Assets/Supercyan Free Forest Sample/Prefabs
  artifactKey: Guid(eff4a63e5fb72db4094c7dce6e6ae0ef) Importer(815301076,1909f56bfc062723c751e8b465ee728b)
Start importing Assets/Supercyan Free Forest Sample/Prefabs using Guid(eff4a63e5fb72db4094c7dce6e6ae0ef) Importer(815301076,1909f56bfc062723c751e8b465ee728b)  -> (artifact id: 'fbb6c795c91391d82d4c8e5eba10163b') in 0.007898 seconds 
========================================================================
Received Import Request.
  Time since last request: 1.555382 seconds.
  path: Assets/Supercyan Free Forest Sample/Prefabs/High Quality
  artifactKey: Guid(74f42c695c784cd43a543aad32fc5741) Importer(815301076,1909f56bfc062723c751e8b465ee728b)
Start importing Assets/Supercyan Free Forest Sample/Prefabs/High Quality using Guid(74f42c695c784cd43a543aad32fc5741) Importer(815301076,1909f56bfc062723c751e8b465ee728b)  -> (artifact id: 'be9849892bf75d0ed3321777c04dfc21') in 0.002743 seconds 
========================================================================
Received Import Request.
  Time since last request: 6.631673 seconds.
  path: Assets/Supercyan Free Forest Sample/Shaders
  artifactKey: Guid(a145d4213e4af9f4e9bf71051f19e627) Importer(815301076,1909f56bfc062723c751e8b465ee728b)
Start importing Assets/Supercyan Free Forest Sample/Shaders using Guid(a145d4213e4af9f4e9bf71051f19e627) Importer(815301076,1909f56bfc062723c751e8b465ee728b)  -> (artifact id: '7ac296132f6aef49ac8e36fea7855264') in 0.008979 seconds 
========================================================================
Received Import Request.
  Time since last request: 0.056487 seconds.
  path: Assets/Supercyan Free Forest Sample/Shaders/SupercyanShaderLighting.cginc
  artifactKey: Guid(d2605d6c2f548fe409d2ffef4e689f04) Importer(815301076,1909f56bfc062723c751e8b465ee728b)
Start importing Assets/Supercyan Free Forest Sample/Shaders/SupercyanShaderLighting.cginc using Guid(d2605d6c2f548fe409d2ffef4e689f04) Importer(815301076,1909f56bfc062723c751e8b465ee728b)  -> (artifact id: 'eb1bc07cff9bcc08ae68dba6bdafc5fa') in 0.008105 seconds 
========================================================================
Received Import Request.
  Time since last request: 3.381951 seconds.
  path: Assets/Supercyan Free Forest Sample/TerrainLayers
  artifactKey: Guid(b400aa51b5e6c3941a47ce7dbda137f9) Importer(815301076,1909f56bfc062723c751e8b465ee728b)
Start importing Assets/Supercyan Free Forest Sample/TerrainLayers using Guid(b400aa51b5e6c3941a47ce7dbda137f9) Importer(815301076,1909f56bfc062723c751e8b465ee728b)  -> (artifact id: '1867f67833b83dddce0ffad928d78220') in 0.008404 seconds 
========================================================================
Received Import Request.
  Time since last request: 0.752586 seconds.
  path: Assets/Supercyan Free Forest Sample/TerrainLayers/forestpack_moss_light_terrainlayer.terrainlayer
  artifactKey: Guid(b8bc1310bbf53544a889924a5126d8d7) Importer(815301076,1909f56bfc062723c751e8b465ee728b)
Start importing Assets/Supercyan Free Forest Sample/TerrainLayers/forestpack_moss_light_terrainlayer.terrainlayer using Guid(b8bc1310bbf53544a889924a5126d8d7) Importer(815301076,1909f56bfc062723c751e8b465ee728b)  -> (artifact id: '97eb0cd719d69d33a3d89a381761f2ac') in 0.018003 seconds 
========================================================================
Received Import Request.
  Time since last request: 0.000030 seconds.
  path: Assets/Supercyan Free Forest Sample/TerrainLayers/forestpack_rock_terrainlayer.terrainlayer
  artifactKey: Guid(36b02f9ded11447479d70224404a762b) Importer(815301076,1909f56bfc062723c751e8b465ee728b)
Start importing Assets/Supercyan Free Forest Sample/TerrainLayers/forestpack_rock_terrainlayer.terrainlayer using Guid(36b02f9ded11447479d70224404a762b) Importer(815301076,1909f56bfc062723c751e8b465ee728b)  -> (artifact id: 'a4774da0bc277ca252c45bf37af91e7b') in 0.023561 seconds 
========================================================================
Received Import Request.
  Time since last request: 5.074732 seconds.
  path: Assets/Supercyan Free Forest Sample/Textures/Ground/forestpack_road_tile_diffuse.png
  artifactKey: Guid(c3c4673abc7f1ac4e981951aabacc969) Importer(815301076,1909f56bfc062723c751e8b465ee728b)
Start importing Assets/Supercyan Free Forest Sample/Textures/Ground/forestpack_road_tile_diffuse.png using Guid(c3c4673abc7f1ac4e981951aabacc969) Importer(815301076,1909f56bfc062723c751e8b465ee728b)  -> (artifact id: '5a7eae491e928813c95c9af23f7ad7f1') in 0.025834 seconds 
========================================================================
Received Import Request.
  Time since last request: 69.516436 seconds.
  path: Packages/com.unity.collab-proxy/Editor/Collaborate/Assets/Icons/added-file-dark.png
  artifactKey: Guid(1a4f52b613391cd449af3ad2e44affeb) Importer(815301076,1909f56bfc062723c751e8b465ee728b)
Start importing Packages/com.unity.collab-proxy/Editor/Collaborate/Assets/Icons/added-file-dark.png using Guid(1a4f52b613391cd449af3ad2e44affeb) Importer(815301076,1909f56bfc062723c751e8b465ee728b)  -> (artifact id: '5271b3575eefaa4bdba69992d4e8e35b') in 0.023843 seconds 
========================================================================
Received Import Request.
  Time since last request: 0.000044 seconds.
  path: Packages/com.unity.collab-proxy/Editor/Collaborate/Assets/Icons/back-light@2x.png
  artifactKey: Guid(f5c57327df0fa294c8209aa216435167) Importer(815301076,1909f56bfc062723c751e8b465ee728b)
Start importing Packages/com.unity.collab-proxy/Editor/Collaborate/Assets/Icons/back-light@2x.png using Guid(f5c57327df0fa294c8209aa216435167) Importer(815301076,1909f56bfc062723c751e8b465ee728b)  -> (artifact id: 'd2f75ddf09df99fe187db24f59536fc6') in 0.023363 seconds 
========================================================================
Received Import Request.
  Time since last request: 0.000032 seconds.
  path: Packages/com.unity.collab-proxy/Editor/Collaborate/Assets/Icons/back-dark@2x.png
  artifactKey: Guid(9c6313a5316f8a34b852bf94ff96e3ab) Importer(815301076,1909f56bfc062723c751e8b465ee728b)
Start importing Packages/com.unity.collab-proxy/Editor/Collaborate/Assets/Icons/back-dark@2x.png using Guid(9c6313a5316f8a34b852bf94ff96e3ab) Importer(815301076,1909f56bfc062723c751e8b465ee728b)  -> (artifact id: '75bc88bbdecf1f77ec14d26ad523698c') in 0.018855 seconds 
========================================================================
Received Import Request.
  Time since last request: 0.000034 seconds.
  path: Packages/com.unity.collab-proxy/Editor/Collaborate/Assets/Icons/back-light.png
  artifactKey: Guid(e676ab7aa99535447a763c9f88bf9260) Importer(815301076,1909f56bfc062723c751e8b465ee728b)
Start importing Packages/com.unity.collab-proxy/Editor/Collaborate/Assets/Icons/back-light.png using Guid(e676ab7aa99535447a763c9f88bf9260) Importer(815301076,1909f56bfc062723c751e8b465ee728b)  -> (artifact id: 'f9001ffb55173d70969bcb6ebf95ed69') in 0.020037 seconds 
========================================================================
Received Import Request.
  Time since last request: 1.892991 seconds.
  path: Packages/com.unity.textmeshpro/Editor Resources/Textures/btn_AlignBaseLine.psd
  artifactKey: Guid(8bc445bb79654bf496c92d0407840a92) Importer(815301076,1909f56bfc062723c751e8b465ee728b)
Start importing Packages/com.unity.textmeshpro/Editor Resources/Textures/btn_AlignBaseLine.psd using Guid(8bc445bb79654bf496c92d0407840a92) Importer(815301076,1909f56bfc062723c751e8b465ee728b)  -> (artifact id: 'aa8201d79be9fc423d6f7f3d6d815a96') in 0.027198 seconds 
========================================================================
Received Import Request.
  Time since last request: 0.655737 seconds.
  path: Packages/com.unity.textmeshpro/Editor Resources/Textures/btn_AlignBaseLine_Light.psd
  artifactKey: Guid(18775b51e3bd42299fd30bd036ea982f) Importer(815301076,1909f56bfc062723c751e8b465ee728b)
Start importing Packages/com.unity.textmeshpro/Editor Resources/Textures/btn_AlignBaseLine_Light.psd using Guid(18775b51e3bd42299fd30bd036ea982f) Importer(815301076,1909f56bfc062723c751e8b465ee728b)  -> (artifact id: '42cfc1279a46fbaf1919953bf728d691') in 0.028191 seconds 
========================================================================
Received Import Request.
  Time since last request: 0.000025 seconds.
  path: Packages/com.unity.textmeshpro/Editor Resources/Textures/btn_AlignCapLine.psd
  artifactKey: Guid(0d9a36012a224080966c7b55896aa0f9) Importer(815301076,1909f56bfc062723c751e8b465ee728b)
Start importing Packages/com.unity.textmeshpro/Editor Resources/Textures/btn_AlignCapLine.psd using Guid(0d9a36012a224080966c7b55896aa0f9) Importer(815301076,1909f56bfc062723c751e8b465ee728b)  -> (artifact id: 'b03fa845761212c2e46fac3b4343677a') in 0.019694 seconds 
========================================================================
Received Import Request.
  Time since last request: 0.940370 seconds.
  path: Packages/com.unity.textmeshpro/Editor Resources/Textures/btn_AlignCenter.psd
  artifactKey: Guid(81ed8c76d2bc4a4c95d092c98af4e58f) Importer(815301076,1909f56bfc062723c751e8b465ee728b)
Start importing Packages/com.unity.textmeshpro/Editor Resources/Textures/btn_AlignCenter.psd using Guid(81ed8c76d2bc4a4c95d092c98af4e58f) Importer(815301076,1909f56bfc062723c751e8b465ee728b)  -> (artifact id: 'aede8093aac20b33f19bb27205017204') in 0.026089 seconds 
========================================================================
Received Import Request.
  Time since last request: 0.000028 seconds.
  path: Packages/com.unity.textmeshpro/Editor Resources/Textures/btn_AlignCenterGeo.psd
  artifactKey: Guid(c76700ea0062413d9f69409b4e9e151b) Importer(815301076,1909f56bfc062723c751e8b465ee728b)
Start importing Packages/com.unity.textmeshpro/Editor Resources/Textures/btn_AlignCenterGeo.psd using Guid(c76700ea0062413d9f69409b4e9e151b) Importer(815301076,1909f56bfc062723c751e8b465ee728b)  -> (artifact id: 'd17bb311e1048bbab1128cbcad5ba461') in 0.020167 seconds 
========================================================================
Received Import Request.
  Time since last request: 0.029770 seconds.
  path: Packages/com.unity.textmeshpro/Editor Resources/Textures/btn_AlignCenterGeo_Light.psd
  artifactKey: Guid(35ff0937876540d3bd4b6a941df62a92) Importer(815301076,1909f56bfc062723c751e8b465ee728b)
Start importing Packages/com.unity.textmeshpro/Editor Resources/Textures/btn_AlignCenterGeo_Light.psd using Guid(35ff0937876540d3bd4b6a941df62a92) Importer(815301076,1909f56bfc062723c751e8b465ee728b)  -> (artifact id: '6c314c1eab5db39322d40cbb3d09b00c') in 0.018128 seconds 
========================================================================
Received Import Request.
  Time since last request: 0.018024 seconds.
  path: Packages/com.unity.textmeshpro/Editor Resources/Textures/btn_AlignJustified.psd
  artifactKey: Guid(92027f7f8cfc4feaa477da0dc38d3d46) Importer(815301076,1909f56bfc062723c751e8b465ee728b)
Start importing Packages/com.unity.textmeshpro/Editor Resources/Textures/btn_AlignJustified.psd using Guid(92027f7f8cfc4feaa477da0dc38d3d46) Importer(815301076,1909f56bfc062723c751e8b465ee728b)  -> (artifact id: '88eab5b378584069bfa2518cd079c6d9') in 0.017825 seconds 
========================================================================
Received Import Request.
  Time since last request: 0.000036 seconds.
  path: Packages/com.unity.textmeshpro/Editor Resources/Textures/btn_AlignLeft.psd
  artifactKey: Guid(9288066c33474b94b6ee5465f4df1cc0) Importer(815301076,1909f56bfc062723c751e8b465ee728b)
Start importing Packages/com.unity.textmeshpro/Editor Resources/Textures/btn_AlignLeft.psd using Guid(9288066c33474b94b6ee5465f4df1cc0) Importer(815301076,1909f56bfc062723c751e8b465ee728b)  -> (artifact id: '5baf3df44971ee5afeacf7ed816872d4') in 0.022173 seconds 
========================================================================
Received Import Request.
  Time since last request: 0.700589 seconds.
  path: Packages/com.unity.textmeshpro/Editor Resources/Textures/btn_AlignMiddle.psd
  artifactKey: Guid(41b96614b2e6494ba995ddcd252d11ae) Importer(815301076,1909f56bfc062723c751e8b465ee728b)
Start importing Packages/com.unity.textmeshpro/Editor Resources/Textures/btn_AlignMiddle.psd using Guid(41b96614b2e6494ba995ddcd252d11ae) Importer(815301076,1909f56bfc062723c751e8b465ee728b)  -> (artifact id: 'bb7640d555c2a0ba83e0b6c3222d3197') in 0.022513 seconds 
========================================================================
Received Import Request.
  Time since last request: 0.019605 seconds.
  path: Packages/com.unity.textmeshpro/Editor Resources/Textures/btn_AlignMidLine.psd
  artifactKey: Guid(c2f7f6a88b4c4f20a53deb72f3d9144c) Importer(815301076,1909f56bfc062723c751e8b465ee728b)
Start importing Packages/com.unity.textmeshpro/Editor Resources/Textures/btn_AlignMidLine.psd using Guid(c2f7f6a88b4c4f20a53deb72f3d9144c) Importer(815301076,1909f56bfc062723c751e8b465ee728b)  -> (artifact id: '4e609720ea0587dc2307dc23bb2ed8c1') in 0.017020 seconds 
========================================================================
Received Import Request.
  Time since last request: 0.035039 seconds.
  path: Packages/com.unity.textmeshpro/Editor Resources/Textures/btn_AlignTop.psd
  artifactKey: Guid(48d034c499ee4697af9dd6e327110249) Importer(815301076,1909f56bfc062723c751e8b465ee728b)
Start importing Packages/com.unity.textmeshpro/Editor Resources/Textures/btn_AlignTop.psd using Guid(48d034c499ee4697af9dd6e327110249) Importer(815301076,1909f56bfc062723c751e8b465ee728b)  -> (artifact id: '69ac413dd7cf2da7ea3f4cc05686200f') in 0.017529 seconds 
========================================================================
Received Import Request.
  Time since last request: 0.233458 seconds.
  path: Packages/com.unity.collab-proxy/Editor/PlasticSCM/Assets/Images/buttonssosigninemail.png
  artifactKey: Guid(d24e7e0b75e1a244bb9687d6fd4315ef) Importer(815301076,1909f56bfc062723c751e8b465ee728b)
Start importing Packages/com.unity.collab-proxy/Editor/PlasticSCM/Assets/Images/buttonssosigninemail.png using Guid(d24e7e0b75e1a244bb9687d6fd4315ef) Importer(815301076,1909f56bfc062723c751e8b465ee728b)  -> (artifact id: 'cb470967204edba2a74774a3624657b8') in 0.031028 seconds 
========================================================================
Received Import Request.
  Time since last request: 0.323493 seconds.
  path: Assets/Modelos/Cartoon_Farm_Crops/Textures/Cartoon_Farm_Crops_Atlas.png
  artifactKey: Guid(750c26770681cd64c9b06c08cb6288f1) Importer(815301076,1909f56bfc062723c751e8b465ee728b)
Start importing Assets/Modelos/Cartoon_Farm_Crops/Textures/Cartoon_Farm_Crops_Atlas.png using Guid(750c26770681cd64c9b06c08cb6288f1) Importer(815301076,1909f56bfc062723c751e8b465ee728b)  -> (artifact id: '80a80f9a9b9735c986f22036cfac6479') in 0.015228 seconds 
========================================================================
Received Import Request.
  Time since last request: 0.000029 seconds.
  path: Assets/Modelos/Cartoon_Farm_Crops/Textures/Cartoon_Farm_Crops_Carrot_Plant_Albedo.png
  artifactKey: Guid(f8f5c18ae32079744ba7b6cd6e40585c) Importer(815301076,1909f56bfc062723c751e8b465ee728b)
Start importing Assets/Modelos/Cartoon_Farm_Crops/Textures/Cartoon_Farm_Crops_Carrot_Plant_Albedo.png using Guid(f8f5c18ae32079744ba7b6cd6e40585c) Importer(815301076,1909f56bfc062723c751e8b465ee728b)  -> (artifact id: 'ece6cbfc65ec76e1e9bb3129f1eec32e') in 0.015722 seconds 
========================================================================
Received Import Request.
  Time since last request: 5.821851 seconds.
  path: Packages/com.unity.collab-proxy/Editor/Collaborate/Assets/Icons/status-info-dark@2x.png
  artifactKey: Guid(eba49403f5934c74b8114ead5f397592) Importer(815301076,1909f56bfc062723c751e8b465ee728b)
Start importing Packages/com.unity.collab-proxy/Editor/Collaborate/Assets/Icons/status-info-dark@2x.png using Guid(eba49403f5934c74b8114ead5f397592) Importer(815301076,1909f56bfc062723c751e8b465ee728b)  -> (artifact id: 'aee5f56cd4c0509ba0fd1004f24b2806') in 0.020815 seconds 
========================================================================
Received Import Request.
  Time since last request: 0.000030 seconds.
  path: Packages/com.unity.textmeshpro/Editor Resources/Gizmos/TMP - Font Asset Icon.psd
  artifactKey: Guid(ee148e281f3c41c5b4ff5f8a5afe5a6c) Importer(815301076,1909f56bfc062723c751e8b465ee728b)
Start importing Packages/com.unity.textmeshpro/Editor Resources/Gizmos/TMP - Font Asset Icon.psd using Guid(ee148e281f3c41c5b4ff5f8a5afe5a6c) Importer(815301076,1909f56bfc062723c751e8b465ee728b)  -> (artifact id: '6e5cee8fe6c7f976b44b77a48aeee3ad') in 0.019404 seconds 
========================================================================
Received Import Request.
  Time since last request: 0.551555 seconds.
  path: Assets/Supercyan Free Forest Sample/Textures/Stone/forestpack_stone_diffuse.png
  artifactKey: Guid(c34ec4ea33f41784dada5802e39a8165) Importer(815301076,1909f56bfc062723c751e8b465ee728b)
Start importing Assets/Supercyan Free Forest Sample/Textures/Stone/forestpack_stone_diffuse.png using Guid(c34ec4ea33f41784dada5802e39a8165) Importer(815301076,1909f56bfc062723c751e8b465ee728b)  -> (artifact id: 'acb7f2252dabe1499cc65c003967f5ed') in 0.019069 seconds 
========================================================================
Received Import Request.
  Time since last request: 0.000029 seconds.
  path: Assets/Supercyan Free Forest Sample/Textures/Tree/Treestump/forestpack_treeStumpAndRoot_diffuse.png
  artifactKey: Guid(62d93e6697138744980b64e320f9c356) Importer(815301076,1909f56bfc062723c751e8b465ee728b)
Start importing Assets/Supercyan Free Forest Sample/Textures/Tree/Treestump/forestpack_treeStumpAndRoot_diffuse.png using Guid(62d93e6697138744980b64e320f9c356) Importer(815301076,1909f56bfc062723c751e8b465ee728b)  -> (artifact id: 'c26c414c1b8254fd67ffb388dab08b5b') in 0.020287 seconds 
========================================================================
Received Import Request.
  Time since last request: 19.069048 seconds.
  path: Packages/com.unity.testtools.codecoverage/Editor/Icons/d_FolderOpened@2x.png
  artifactKey: Guid(327ac160fa4588b4ab06124fe53fdbd1) Importer(815301076,1909f56bfc062723c751e8b465ee728b)
Start importing Packages/com.unity.testtools.codecoverage/Editor/Icons/d_FolderOpened@2x.png using Guid(327ac160fa4588b4ab06124fe53fdbd1) Importer(815301076,1909f56bfc062723c751e8b465ee728b)  -> (artifact id: 'd9004556452e33b05fdf557d69320a54') in 0.019049 seconds 
========================================================================
Received Import Request.
  Time since last request: 0.000028 seconds.
  path: Assets/Supercyan Free Forest Sample/Textures/Foliage/forestpack_foliage_diffuse.png
  artifactKey: Guid(1056b8bf593938a4399e74aa632e2a21) Importer(815301076,1909f56bfc062723c751e8b465ee728b)
Start importing Assets/Supercyan Free Forest Sample/Textures/Foliage/forestpack_foliage_diffuse.png using Guid(1056b8bf593938a4399e74aa632e2a21) Importer(815301076,1909f56bfc062723c751e8b465ee728b)  -> (artifact id: '305ed0803e78d29520d6f1b49004e802') in 0.018300 seconds 
========================================================================
Received Import Request.
  Time since last request: 273.834736 seconds.
  path: Packages/com.unity.collab-proxy/Editor/PlasticSCM/Assets/Images/iconaddedlocal@2x.png
  artifactKey: Guid(a67b58d6cddcd4345b1e001340de5a76) Importer(815301076,1909f56bfc062723c751e8b465ee728b)
Start importing Packages/com.unity.collab-proxy/Editor/PlasticSCM/Assets/Images/iconaddedlocal@2x.png using Guid(a67b58d6cddcd4345b1e001340de5a76) Importer(815301076,1909f56bfc062723c751e8b465ee728b)  -> (artifact id: 'f80dbbf2c5defcc971161095cf518985') in 0.020051 seconds 
========================================================================
Received Import Request.
  Time since last request: 1.071738 seconds.
  path: Packages/com.unity.collab-proxy/Editor/PlasticSCM/Assets/Images/iconbranch.png
  artifactKey: Guid(a6219d44b6fc910449f7c3fee45db5c5) Importer(815301076,1909f56bfc062723c751e8b465ee728b)
Start importing Packages/com.unity.collab-proxy/Editor/PlasticSCM/Assets/Images/iconbranch.png using Guid(a6219d44b6fc910449f7c3fee45db5c5) Importer(815301076,1909f56bfc062723c751e8b465ee728b)  -> (artifact id: '259cd153abdf06cbafc49777c43600d0') in 0.024002 seconds 
========================================================================
Received Import Request.
  Time since last request: 0.754792 seconds.
  path: Packages/com.unity.collab-proxy/Editor/PlasticSCM/Assets/Images/iconcheckedoutlocaloverlay@2x.png
  artifactKey: Guid(3999034958d54364da380a8839a11050) Importer(815301076,1909f56bfc062723c751e8b465ee728b)
Start importing Packages/com.unity.collab-proxy/Editor/PlasticSCM/Assets/Images/iconcheckedoutlocaloverlay@2x.png using Guid(3999034958d54364da380a8839a11050) Importer(815301076,1909f56bfc062723c751e8b465ee728b)  -> (artifact id: '6414532fd6649ef72d5089345da57ae4') in 0.025985 seconds 
========================================================================
Received Import Request.
  Time since last request: 0.018717 seconds.
  path: Packages/com.unity.collab-proxy/Editor/PlasticSCM/Assets/Images/iconconflicted.png
  artifactKey: Guid(d1c88f142eee55b4eb2b2cfd7b3624ce) Importer(815301076,1909f56bfc062723c751e8b465ee728b)
Start importing Packages/com.unity.collab-proxy/Editor/PlasticSCM/Assets/Images/iconconflicted.png using Guid(d1c88f142eee55b4eb2b2cfd7b3624ce) Importer(815301076,1909f56bfc062723c751e8b465ee728b)  -> (artifact id: 'e2df0be4849a27a9bb728120b52ac9e9') in 0.018092 seconds 
========================================================================
Received Import Request.
  Time since last request: 0.255103 seconds.
  path: Packages/com.unity.collab-proxy/Editor/PlasticSCM/Assets/Images/iconconflictedoverlay@2x.png
  artifactKey: Guid(5679a74364f6b4440ab7e7aed55cd95e) Importer(815301076,1909f56bfc062723c751e8b465ee728b)
Start importing Packages/com.unity.collab-proxy/Editor/PlasticSCM/Assets/Images/iconconflictedoverlay@2x.png using Guid(5679a74364f6b4440ab7e7aed55cd95e) Importer(815301076,1909f56bfc062723c751e8b465ee728b)  -> (artifact id: 'ffdd3c84fd3c1fffb67bd81dd9ac9d97') in 0.025037 seconds 
========================================================================
Received Import Request.
  Time since last request: 0.018944 seconds.
  path: Packages/com.unity.collab-proxy/Editor/PlasticSCM/Assets/Images/icondeleted.png
  artifactKey: Guid(77a39e873655d3c4b93d0b7696397b83) Importer(815301076,1909f56bfc062723c751e8b465ee728b)
Start importing Packages/com.unity.collab-proxy/Editor/PlasticSCM/Assets/Images/icondeleted.png using Guid(77a39e873655d3c4b93d0b7696397b83) Importer(815301076,1909f56bfc062723c751e8b465ee728b)  -> (artifact id: '7750a40b9f65eb23cbfbb49df6274f1d') in 0.021918 seconds 
========================================================================
Received Import Request.
  Time since last request: 0.300468 seconds.
  path: Packages/com.unity.collab-proxy/Editor/PlasticSCM/Assets/Images/icondeletedremote.png
  artifactKey: Guid(b85a4b2ec6433d04895612d791edc260) Importer(815301076,1909f56bfc062723c751e8b465ee728b)
Start importing Packages/com.unity.collab-proxy/Editor/PlasticSCM/Assets/Images/icondeletedremote.png using Guid(b85a4b2ec6433d04895612d791edc260) Importer(815301076,1909f56bfc062723c751e8b465ee728b)  -> (artifact id: '3f11b53fdb3971e9cfed0da8859f449f') in 0.024498 seconds 
========================================================================
Received Import Request.
  Time since last request: 0.314237 seconds.
  path: Packages/com.unity.collab-proxy/Editor/PlasticSCM/Assets/Images/icondeletedremoteoverlay@2x.png
  artifactKey: Guid(d5c3277b1dbad9448b46c2ec87a2cef8) Importer(815301076,1909f56bfc062723c751e8b465ee728b)
Start importing Packages/com.unity.collab-proxy/Editor/PlasticSCM/Assets/Images/icondeletedremoteoverlay@2x.png using Guid(d5c3277b1dbad9448b46c2ec87a2cef8) Importer(815301076,1909f56bfc062723c751e8b465ee728b)  -> (artifact id: 'cd3c1850dd353a3913c225742558875a') in 0.026107 seconds 
========================================================================
Received Import Request.
  Time since last request: 1.281369 seconds.
  path: Packages/com.unity.collab-proxy/Editor/PlasticSCM/Assets/Images/iconemptygravatar@2x.png
  artifactKey: Guid(da545229eea36164d8b8cba2f75a1143) Importer(815301076,1909f56bfc062723c751e8b465ee728b)
Start importing Packages/com.unity.collab-proxy/Editor/PlasticSCM/Assets/Images/iconemptygravatar@2x.png using Guid(da545229eea36164d8b8cba2f75a1143) Importer(815301076,1909f56bfc062723c751e8b465ee728b)  -> (artifact id: '298584e101d5e8fa640da75871de2de4') in 0.023431 seconds 
========================================================================
Received Import Request.
  Time since last request: 0.356383 seconds.
  path: Packages/com.unity.collab-proxy/Editor/PlasticSCM/Assets/Images/iconlockedremoteoverlay@2x.png
  artifactKey: Guid(f73a7d8758d7be04588b15637d94b5a8) Importer(815301076,1909f56bfc062723c751e8b465ee728b)
Start importing Packages/com.unity.collab-proxy/Editor/PlasticSCM/Assets/Images/iconlockedremoteoverlay@2x.png using Guid(f73a7d8758d7be04588b15637d94b5a8) Importer(815301076,1909f56bfc062723c751e8b465ee728b)  -> (artifact id: '4dc097a2f1face6c1e7f955709d4c9f6') in 0.026218 seconds 
========================================================================
Received Import Request.
  Time since last request: 0.385213 seconds.
  path: Packages/com.unity.collab-proxy/Editor/PlasticSCM/Assets/Images/iconmoved.png
  artifactKey: Guid(8a6cca56e2b63344eb4769cd92d93ffb) Importer(815301076,1909f56bfc062723c751e8b465ee728b)
Start importing Packages/com.unity.collab-proxy/Editor/PlasticSCM/Assets/Images/iconmoved.png using Guid(8a6cca56e2b63344eb4769cd92d93ffb) Importer(815301076,1909f56bfc062723c751e8b465ee728b)  -> (artifact id: 'c3339305db69c7ad484c04ab43ab6da8') in 0.026236 seconds 
========================================================================
Received Import Request.
  Time since last request: 0.696492 seconds.
  path: Packages/com.unity.collab-proxy/Editor/PlasticSCM/Assets/Images/iconoutofsync@2x.png
  artifactKey: Guid(d7094718bdac022428dd29244922d06b) Importer(815301076,1909f56bfc062723c751e8b465ee728b)
Start importing Packages/com.unity.collab-proxy/Editor/PlasticSCM/Assets/Images/iconoutofsync@2x.png using Guid(d7094718bdac022428dd29244922d06b) Importer(815301076,1909f56bfc062723c751e8b465ee728b)  -> (artifact id: '8a34492f250c0bf6abcf72cc4f396fd0') in 0.025284 seconds 
========================================================================
Received Import Request.
  Time since last request: 0.313793 seconds.
  path: Packages/com.unity.collab-proxy/Editor/PlasticSCM/Assets/Images/iconplastic.png
  artifactKey: Guid(3042b019b052942a1baf7aa49d7ca6bb) Importer(815301076,1909f56bfc062723c751e8b465ee728b)
Start importing Packages/com.unity.collab-proxy/Editor/PlasticSCM/Assets/Images/iconplastic.png using Guid(3042b019b052942a1baf7aa49d7ca6bb) Importer(815301076,1909f56bfc062723c751e8b465ee728b)  -> (artifact id: '7c4bec945ea4571a53a5ec814ac82925') in 0.027946 seconds 
========================================================================
Received Import Request.
  Time since last request: 0.639270 seconds.
  path: Packages/com.unity.collab-proxy/Editor/PlasticSCM/Assets/Images/iconplasticnotifyconflict@2x.png
  artifactKey: Guid(6e0a54826ffc3ee46b0aa3e1c1575a69) Importer(815301076,1909f56bfc062723c751e8b465ee728b)
Start importing Packages/com.unity.collab-proxy/Editor/PlasticSCM/Assets/Images/iconplasticnotifyconflict@2x.png using Guid(6e0a54826ffc3ee46b0aa3e1c1575a69) Importer(815301076,1909f56bfc062723c751e8b465ee728b)  -> (artifact id: '2b4425dcff5c3ae018303d9c12042ed8') in 0.019710 seconds 
========================================================================
Received Import Request.
  Time since last request: 0.343505 seconds.
  path: Packages/com.unity.collab-proxy/Editor/PlasticSCM/Assets/Images/iconplasticnotifyincoming@2x.png
  artifactKey: Guid(ae869fe6797f4454cbbf417d87ff637c) Importer(815301076,1909f56bfc062723c751e8b465ee728b)
Start importing Packages/com.unity.collab-proxy/Editor/PlasticSCM/Assets/Images/iconplasticnotifyincoming@2x.png using Guid(ae869fe6797f4454cbbf417d87ff637c) Importer(815301076,1909f56bfc062723c751e8b465ee728b)  -> (artifact id: '2374a38f9f44218a4c9d58c0a85411f1') in 0.034275 seconds 
========================================================================
Received Import Request.
  Time since last request: 0.320789 seconds.
  path: Packages/com.unity.collab-proxy/Editor/PlasticSCM/Assets/Images/iconplasticview@2x.png
  artifactKey: Guid(97a4e2b6ae08b1140a5ba9e22953e029) Importer(815301076,1909f56bfc062723c751e8b465ee728b)
Start importing Packages/com.unity.collab-proxy/Editor/PlasticSCM/Assets/Images/iconplasticview@2x.png using Guid(97a4e2b6ae08b1140a5ba9e22953e029) Importer(815301076,1909f56bfc062723c751e8b465ee728b)  -> (artifact id: '074ddaebcb81aa73f3048f717ab5ac1f') in 0.025525 seconds 
========================================================================
Received Import Request.
  Time since last request: 0.000025 seconds.
  path: Packages/com.unity.collab-proxy/Editor/PlasticSCM/Assets/Images/iconplasticviewnotify@2x.png
  artifactKey: Guid(0a4da12ff51bd83498216f698c7f20fa) Importer(815301076,1909f56bfc062723c751e8b465ee728b)
Start importing Packages/com.unity.collab-proxy/Editor/PlasticSCM/Assets/Images/iconplasticviewnotify@2x.png using Guid(0a4da12ff51bd83498216f698c7f20fa) Importer(815301076,1909f56bfc062723c751e8b465ee728b)  -> (artifact id: 'd4cd1b470a4bfc7d224d42c4fac3f036') in 0.022192 seconds 
========================================================================
Received Import Request.
  Time since last request: 0.358029 seconds.
  path: Packages/com.unity.collab-proxy/Editor/PlasticSCM/Assets/Images/iconprivateoverlay@2x.png
  artifactKey: Guid(40685941c1361aa4a957b61174bce3f6) Importer(815301076,1909f56bfc062723c751e8b465ee728b)
Start importing Packages/com.unity.collab-proxy/Editor/PlasticSCM/Assets/Images/iconprivateoverlay@2x.png using Guid(40685941c1361aa4a957b61174bce3f6) Importer(815301076,1909f56bfc062723c751e8b465ee728b)  -> (artifact id: '76ba931dcc6923737057940dfefa23a5') in 0.025830 seconds 
========================================================================
Received Import Request.
  Time since last request: 0.169841 seconds.
  path: Packages/com.unity.collab-proxy/Editor/PlasticSCM/Assets/Images/iconundo.png
  artifactKey: Guid(98773313eabe35543bfdbf542ccea271) Importer(815301076,1909f56bfc062723c751e8b465ee728b)
Start importing Packages/com.unity.collab-proxy/Editor/PlasticSCM/Assets/Images/iconundo.png using Guid(98773313eabe35543bfdbf542ccea271) Importer(815301076,1909f56bfc062723c751e8b465ee728b)  -> (artifact id: '48be197c87d3cf9126e7f1349b9b2660') in 0.018613 seconds 
========================================================================
Received Import Request.
  Time since last request: 0.248730 seconds.
  path: Packages/com.unity.collab-proxy/Editor/PlasticSCM/Assets/Images/ignored.png
  artifactKey: Guid(595bc97bc8e1e0b46bd4c2148ba3723a) Importer(815301076,1909f56bfc062723c751e8b465ee728b)
Start importing Packages/com.unity.collab-proxy/Editor/PlasticSCM/Assets/Images/ignored.png using Guid(595bc97bc8e1e0b46bd4c2148ba3723a) Importer(815301076,1909f56bfc062723c751e8b465ee728b)  -> (artifact id: '2f093b4997cd2d2da89d7fcbfabd83ad') in 0.025274 seconds 
========================================================================
Received Import Request.
  Time since last request: 0.217808 seconds.
  path: Packages/com.unity.collab-proxy/Editor/PlasticSCM/Assets/Images/loading.png
  artifactKey: Guid(c6b1bcaa3f4767141acd747384dbb276) Importer(815301076,1909f56bfc062723c751e8b465ee728b)
Start importing Packages/com.unity.collab-proxy/Editor/PlasticSCM/Assets/Images/loading.png using Guid(c6b1bcaa3f4767141acd747384dbb276) Importer(815301076,1909f56bfc062723c751e8b465ee728b)  -> (artifact id: 'c5bdbce71806e3723a845144115ac857') in 0.025342 seconds 
========================================================================
Received Import Request.
  Time since last request: 0.017231 seconds.
  path: Packages/com.unity.collab-proxy/Editor/Collaborate/Assets/Icons/loading-dark@2x.png
  artifactKey: Guid(d021820613d286f48915c2de657245d5) Importer(815301076,1909f56bfc062723c751e8b465ee728b)
Start importing Packages/com.unity.collab-proxy/Editor/Collaborate/Assets/Icons/loading-dark@2x.png using Guid(d021820613d286f48915c2de657245d5) Importer(815301076,1909f56bfc062723c751e8b465ee728b)  -> (artifact id: 'aca4be6a24904f6c4f75eb857a0ac94e') in 0.016124 seconds 
========================================================================
Received Import Request.
  Time since last request: 0.291309 seconds.
  path: Packages/com.unity.collab-proxy/Editor/Collaborate/Assets/Icons/loading-light@2x.png
  artifactKey: Guid(4d614e4edbf542c418d50ec49eed858d) Importer(815301076,1909f56bfc062723c751e8b465ee728b)
Start importing Packages/com.unity.collab-proxy/Editor/Collaborate/Assets/Icons/loading-light@2x.png using Guid(4d614e4edbf542c418d50ec49eed858d) Importer(815301076,1909f56bfc062723c751e8b465ee728b)  -> (artifact id: 'b3a41f6fcbe2cef6d0aa8bf1e658d591') in 0.024385 seconds 
========================================================================
Received Import Request.
  Time since last request: 0.235503 seconds.
  path: Packages/com.unity.collab-proxy/Editor/Collaborate/Assets/Icons/merge-conflicts-dark.png
  artifactKey: Guid(f15453c5e25703942b480f17a40794f5) Importer(815301076,1909f56bfc062723c751e8b465ee728b)
Start importing Packages/com.unity.collab-proxy/Editor/Collaborate/Assets/Icons/merge-conflicts-dark.png using Guid(f15453c5e25703942b480f17a40794f5) Importer(815301076,1909f56bfc062723c751e8b465ee728b)  -> (artifact id: 'f37522a76487b3ed6ea4504365f6f1e6') in 0.016089 seconds 
========================================================================
Received Import Request.
  Time since last request: 0.259065 seconds.
  path: Packages/com.unity.collab-proxy/Editor/Collaborate/Assets/Icons/merge-conflicts-light.png
  artifactKey: Guid(d876c6d477e3c3b4891cdee8f10ecaf1) Importer(815301076,1909f56bfc062723c751e8b465ee728b)
Start importing Packages/com.unity.collab-proxy/Editor/Collaborate/Assets/Icons/merge-conflicts-light.png using Guid(d876c6d477e3c3b4891cdee8f10ecaf1) Importer(815301076,1909f56bfc062723c751e8b465ee728b)  -> (artifact id: '2df0c3a51d59cc8824ca6f6ea46e6f1a') in 0.016532 seconds 
========================================================================
Received Import Request.
  Time since last request: 0.034340 seconds.
  path: Packages/com.unity.collab-proxy/Editor/Collaborate/Assets/Icons/merge-dark.png
  artifactKey: Guid(a7dda6e49f4dd1c4bb0fac36bf812173) Importer(815301076,1909f56bfc062723c751e8b465ee728b)
Start importing Packages/com.unity.collab-proxy/Editor/Collaborate/Assets/Icons/merge-dark.png using Guid(a7dda6e49f4dd1c4bb0fac36bf812173) Importer(815301076,1909f56bfc062723c751e8b465ee728b)  -> (artifact id: '84f69279a62de443d42341c1bd4aa892') in 0.016158 seconds 
========================================================================
Received Import Request.
  Time since last request: 0.283570 seconds.
  path: Packages/com.unity.collab-proxy/Editor/Collaborate/Assets/Icons/merge-light.png
  artifactKey: Guid(cd20fda32910f2942bd0231aa038b0bf) Importer(815301076,1909f56bfc062723c751e8b465ee728b)
Start importing Packages/com.unity.collab-proxy/Editor/Collaborate/Assets/Icons/merge-light.png using Guid(cd20fda32910f2942bd0231aa038b0bf) Importer(815301076,1909f56bfc062723c751e8b465ee728b)  -> (artifact id: 'ab00eba09643fd52e94f5659537facfa') in 0.016786 seconds 
========================================================================
Received Import Request.
  Time since last request: 0.042184 seconds.
  path: Packages/com.unity.collab-proxy/Editor/Collaborate/Assets/Icons/more-vert-dark.png
  artifactKey: Guid(3cf437657a48d3f4790401155e66704c) Importer(815301076,1909f56bfc062723c751e8b465ee728b)
Start importing Packages/com.unity.collab-proxy/Editor/Collaborate/Assets/Icons/more-vert-dark.png using Guid(3cf437657a48d3f4790401155e66704c) Importer(815301076,1909f56bfc062723c751e8b465ee728b)  -> (artifact id: '75c0e89fdbcc57681570f70c61abf216') in 0.016311 seconds 
========================================================================
Received Import Request.
  Time since last request: 10.243720 seconds.
  path: Packages/com.unity.collab-proxy/Editor/Collaborate/Assets/Icons/more-vert-light.png
  artifactKey: Guid(6232fff3dd732c24b810a139724ea7cf) Importer(815301076,1909f56bfc062723c751e8b465ee728b)
Start importing Packages/com.unity.collab-proxy/Editor/Collaborate/Assets/Icons/more-vert-light.png using Guid(6232fff3dd732c24b810a139724ea7cf) Importer(815301076,1909f56bfc062723c751e8b465ee728b)  -> (artifact id: '6071f2c620d1fd99ac53b352805f3c9f') in 0.024706 seconds 
========================================================================
Received Import Request.
  Time since last request: 0.314054 seconds.
  path: Packages/com.unity.collab-proxy/Editor/Collaborate/Assets/Icons/moved-file-dark.png
  artifactKey: Guid(e3ea510ab0d9de74d825181746b18285) Importer(815301076,1909f56bfc062723c751e8b465ee728b)
Start importing Packages/com.unity.collab-proxy/Editor/Collaborate/Assets/Icons/moved-file-dark.png using Guid(e3ea510ab0d9de74d825181746b18285) Importer(815301076,1909f56bfc062723c751e8b465ee728b)  -> (artifact id: '3f2a7b0de8b558b1d3a5f4b36f689735') in 0.017998 seconds 
========================================================================
Received Import Request.
  Time since last request: 0.000024 seconds.
  path: Packages/com.unity.collab-proxy/Editor/Collaborate/Assets/Icons/moved-file-dark@2x.png
  artifactKey: Guid(d0c9bfe4ae0d68a4f945b3a8d983af01) Importer(815301076,1909f56bfc062723c751e8b465ee728b)
Start importing Packages/com.unity.collab-proxy/Editor/Collaborate/Assets/Icons/moved-file-dark@2x.png using Guid(d0c9bfe4ae0d68a4f945b3a8d983af01) Importer(815301076,1909f56bfc062723c751e8b465ee728b)  -> (artifact id: '3af25b9d5edee9b6a2283fee8e71036c') in 0.020726 seconds 
========================================================================
Received Import Request.
  Time since last request: 0.455311 seconds.
  path: Packages/com.unity.collab-proxy/Editor/PlasticSCM/Assets/Images/notondisk.png
  artifactKey: Guid(b205f4b28f59dda49af458b35d8a3ff3) Importer(815301076,1909f56bfc062723c751e8b465ee728b)
Start importing Packages/com.unity.collab-proxy/Editor/PlasticSCM/Assets/Images/notondisk.png using Guid(b205f4b28f59dda49af458b35d8a3ff3) Importer(815301076,1909f56bfc062723c751e8b465ee728b)  -> (artifact id: '96918f8bf94ce26e331c88f9b1fb3b31') in 0.027129 seconds 
========================================================================
Received Import Request.
  Time since last request: 0.336896 seconds.
  path: Assets/Supercyan Free Forest Sample/Textures/Skybox/ny.png
  artifactKey: Guid(8243bd7a07b5d0a4fa6ee10d95e5a578) Importer(815301076,1909f56bfc062723c751e8b465ee728b)
Start importing Assets/Supercyan Free Forest Sample/Textures/Skybox/ny.png using Guid(8243bd7a07b5d0a4fa6ee10d95e5a578) Importer(815301076,1909f56bfc062723c751e8b465ee728b)  -> (artifact id: '78414137d109ea927fefeb800c199a3a') in 0.015049 seconds 
========================================================================
Received Import Request.
  Time since last request: 0.018525 seconds.
  path: Packages/com.unity.collab-proxy/Editor/PlasticSCM/Assets/Images/ok.png
  artifactKey: Guid(3238dca1e9ea9fb4aa64b28298ba6dbd) Importer(815301076,1909f56bfc062723c751e8b465ee728b)
Start importing Packages/com.unity.collab-proxy/Editor/PlasticSCM/Assets/Images/ok.png using Guid(3238dca1e9ea9fb4aa64b28298ba6dbd) Importer(815301076,1909f56bfc062723c751e8b465ee728b)  -> (artifact id: 'daa219c67196b3ee6a46fc4d4d578274') in 0.019112 seconds 
========================================================================
Received Import Request.
  Time since last request: 0.000023 seconds.
  path: Packages/com.unity.collab-proxy/Editor/Collaborate/Assets/Icons/publish-dark.png
  artifactKey: Guid(fdbd7df1b46f4714fbb0174e505f5a31) Importer(815301076,1909f56bfc062723c751e8b465ee728b)
Start importing Packages/com.unity.collab-proxy/Editor/Collaborate/Assets/Icons/publish-dark.png using Guid(fdbd7df1b46f4714fbb0174e505f5a31) Importer(815301076,1909f56bfc062723c751e8b465ee728b)  -> (artifact id: '275976613f611a75e75db9cf72384f28') in 0.018530 seconds 
========================================================================
Received Import Request.
  Time since last request: 0.441606 seconds.
  path: Packages/com.unity.collab-proxy/Editor/Collaborate/Assets/Icons/publish-light@2x.png
  artifactKey: Guid(2a4c44b710a153245a151f26acb70271) Importer(815301076,1909f56bfc062723c751e8b465ee728b)
Start importing Packages/com.unity.collab-proxy/Editor/Collaborate/Assets/Icons/publish-light@2x.png using Guid(2a4c44b710a153245a151f26acb70271) Importer(815301076,1909f56bfc062723c751e8b465ee728b)  -> (artifact id: '372086d00e85df9b870ac10e10d4c062') in 0.016997 seconds 
========================================================================
Received Import Request.
  Time since last request: 0.000073 seconds.
  path: Assets/Supercyan Free Forest Sample/Textures/Skybox/px.png
  artifactKey: Guid(531641a9d49e5d042b06c7ce3c963d57) Importer(815301076,1909f56bfc062723c751e8b465ee728b)
Start importing Assets/Supercyan Free Forest Sample/Textures/Skybox/px.png using Guid(531641a9d49e5d042b06c7ce3c963d57) Importer(815301076,1909f56bfc062723c751e8b465ee728b)  -> (artifact id: '7edea4bb618ba292deef6990f6c6a13f') in 0.014934 seconds 
========================================================================
Received Import Request.
  Time since last request: 0.016346 seconds.
  path: Assets/Modelos/Rabbits/Texture/Rabbit1.png
  artifactKey: Guid(9c1cc2802ceb63c499f4d7adef7d5851) Importer(815301076,1909f56bfc062723c751e8b465ee728b)
Start importing Assets/Modelos/Rabbits/Texture/Rabbit1.png using Guid(9c1cc2802ceb63c499f4d7adef7d5851) Importer(815301076,1909f56bfc062723c751e8b465ee728b)  -> (artifact id: '8d1734d5fc234cc09b2132da3769c834') in 0.010353 seconds 
========================================================================
Received Import Request.
  Time since last request: 0.006606 seconds.
  path: Assets/Supercyan Free Forest Sample/Scenes/MoodyNight/ReflectionProbe-0.exr
  artifactKey: Guid(6db35459fed979449864b7408ce3c087) Importer(815301076,1909f56bfc062723c751e8b465ee728b)
Start importing Assets/Supercyan Free Forest Sample/Scenes/MoodyNight/ReflectionProbe-0.exr using Guid(6db35459fed979449864b7408ce3c087) Importer(815301076,1909f56bfc062723c751e8b465ee728b)  -> (artifact id: '83e86da0f70ba6f9306e38b951b79802') in 0.027523 seconds 
========================================================================
Received Import Request.
  Time since last request: 0.000027 seconds.
  path: Assets/Supercyan Free Forest Sample/Scenes/BrightDay/ReflectionProbe-0.exr
  artifactKey: Guid(e3bced12a72ad4348b849357056d7a70) Importer(815301076,1909f56bfc062723c751e8b465ee728b)
Start importing Assets/Supercyan Free Forest Sample/Scenes/BrightDay/ReflectionProbe-0.exr using Guid(e3bced12a72ad4348b849357056d7a70) Importer(815301076,1909f56bfc062723c751e8b465ee728b)  -> (artifact id: '433b1924ccd4cda4416c6a7eb8fd89e7') in 0.016333 seconds 
========================================================================
Received Import Request.
  Time since last request: 0.320831 seconds.
  path: Packages/com.unity.collab-proxy/Editor/Collaborate/Assets/Icons/revert-asset-dark.png
  artifactKey: Guid(23933ab6b291bc54ba1b99b5fcb9ec80) Importer(815301076,1909f56bfc062723c751e8b465ee728b)
Start importing Packages/com.unity.collab-proxy/Editor/Collaborate/Assets/Icons/revert-asset-dark.png using Guid(23933ab6b291bc54ba1b99b5fcb9ec80) Importer(815301076,1909f56bfc062723c751e8b465ee728b)  -> (artifact id: '128a3a59db1f312d8950c73898bbfe63') in 0.020266 seconds 
========================================================================
Received Import Request.
  Time since last request: 0.000024 seconds.
  path: Packages/com.unity.collab-proxy/Editor/Collaborate/Assets/Icons/revert-asset-dark@2x.png
  artifactKey: Guid(f79532ed53993a24fb2d007f647d3f97) Importer(815301076,1909f56bfc062723c751e8b465ee728b)
Start importing Packages/com.unity.collab-proxy/Editor/Collaborate/Assets/Icons/revert-asset-dark@2x.png using Guid(f79532ed53993a24fb2d007f647d3f97) Importer(815301076,1909f56bfc062723c751e8b465ee728b)  -> (artifact id: '4d1dd5415425db7219cf269b01808ef1') in 0.022912 seconds 
========================================================================
Received Import Request.
  Time since last request: 0.000029 seconds.
  path: Packages/com.unity.collab-proxy/Editor/Collaborate/Assets/Icons/revert-asset-light@2x.png
  artifactKey: Guid(e6e5a841174ef8f44a853b724cc52b4f) Importer(815301076,1909f56bfc062723c751e8b465ee728b)
Start importing Packages/com.unity.collab-proxy/Editor/Collaborate/Assets/Icons/revert-asset-light@2x.png using Guid(e6e5a841174ef8f44a853b724cc52b4f) Importer(815301076,1909f56bfc062723c751e8b465ee728b)  -> (artifact id: '2a5da9a49fd26430c5e251ee08a8ef99') in 0.019829 seconds 
========================================================================
Received Import Request.
  Time since last request: 0.000035 seconds.
  path: Packages/com.unity.collab-proxy/Editor/Collaborate/Assets/Icons/search-light.png
  artifactKey: Guid(5ce43a8ae9d640f4cb77136d601fc0d8) Importer(815301076,1909f56bfc062723c751e8b465ee728b)
Start importing Packages/com.unity.collab-proxy/Editor/Collaborate/Assets/Icons/search-light.png using Guid(5ce43a8ae9d640f4cb77136d601fc0d8) Importer(815301076,1909f56bfc062723c751e8b465ee728b)  -> (artifact id: '2a2b3917e44e83ed798b57264b0beba7') in 0.019102 seconds 
========================================================================
Received Import Request.
  Time since last request: 0.304145 seconds.
  path: Packages/com.unity.collab-proxy/Editor/PlasticSCM/Assets/Images/secondarytabclose.png
  artifactKey: Guid(03cefa94d5aa9d74993fb2138af9d607) Importer(815301076,1909f56bfc062723c751e8b465ee728b)
Start importing Packages/com.unity.collab-proxy/Editor/PlasticSCM/Assets/Images/secondarytabclose.png using Guid(03cefa94d5aa9d74993fb2138af9d607) Importer(815301076,1909f56bfc062723c751e8b465ee728b)  -> (artifact id: 'cd2cf91054ce2a802c41c5b189ffc8ca') in 0.029499 seconds 
========================================================================
Received Import Request.
  Time since last request: 0.000025 seconds.
  path: Packages/com.unity.collab-proxy/Editor/PlasticSCM/Assets/Images/secondarytabclosehover.png
  artifactKey: Guid(8fac55fff4ce5fa40a7b2efefc0e617a) Importer(815301076,1909f56bfc062723c751e8b465ee728b)
Start importing Packages/com.unity.collab-proxy/Editor/PlasticSCM/Assets/Images/secondarytabclosehover.png using Guid(8fac55fff4ce5fa40a7b2efefc0e617a) Importer(815301076,1909f56bfc062723c751e8b465ee728b)  -> (artifact id: '9861334f8319ed6f9f5958fbe45f76c6') in 0.023678 seconds 
========================================================================
Received Import Request.
  Time since last request: 0.025438 seconds.
  path: Assets/Supercyan Free Forest Sample/Textures/Ramp/sharedTexture_shadowRamp.png
  artifactKey: Guid(55d9f997de358a34a85e48ef6b49e8f7) Importer(815301076,1909f56bfc062723c751e8b465ee728b)
Start importing Assets/Supercyan Free Forest Sample/Textures/Ramp/sharedTexture_shadowRamp.png using Guid(55d9f997de358a34a85e48ef6b49e8f7) Importer(815301076,1909f56bfc062723c751e8b465ee728b)  -> (artifact id: '7b2e72ac94108b3f0a3480b29864489a') in 0.011644 seconds 
========================================================================
Received Import Request.
  Time since last request: 0.000027 seconds.
  path: Packages/com.unity.collab-proxy/Editor/Collaborate/Assets/Icons/show-dark@2x.png
  artifactKey: Guid(de4c62a7de5c61a41b5b0029b339f373) Importer(815301076,1909f56bfc062723c751e8b465ee728b)
Start importing Packages/com.unity.collab-proxy/Editor/Collaborate/Assets/Icons/show-dark@2x.png using Guid(de4c62a7de5c61a41b5b0029b339f373) Importer(815301076,1909f56bfc062723c751e8b465ee728b)  -> (artifact id: 'c930d2b42b831f03e9744716c1bf4862') in 0.017391 seconds 
========================================================================
Received Import Request.
  Time since last request: 0.359402 seconds.
  path: Packages/com.unity.collab-proxy/Editor/Collaborate/Assets/Icons/show-light@2x.png
  artifactKey: Guid(d84f7eb154b674f46b833c51f844277e) Importer(815301076,1909f56bfc062723c751e8b465ee728b)
Start importing Packages/com.unity.collab-proxy/Editor/Collaborate/Assets/Icons/show-light@2x.png using Guid(d84f7eb154b674f46b833c51f844277e) Importer(815301076,1909f56bfc062723c751e8b465ee728b)  -> (artifact id: '71ed0ef6f182efcdf8f176b3662c3eef') in 0.018888 seconds 
========================================================================
Received Import Request.
  Time since last request: 0.020766 seconds.
  path: Packages/com.unity.collab-proxy/Editor/Collaborate/Assets/Icons/status-error-dark.png
  artifactKey: Guid(8f169193df3d51042a705fa81fc46e72) Importer(815301076,1909f56bfc062723c751e8b465ee728b)
Start importing Packages/com.unity.collab-proxy/Editor/Collaborate/Assets/Icons/status-error-dark.png using Guid(8f169193df3d51042a705fa81fc46e72) Importer(815301076,1909f56bfc062723c751e8b465ee728b)  -> (artifact id: '29a68a4135c8c9d83b631ebf9057452e') in 0.019164 seconds 
========================================================================
Received Import Request.
  Time since last request: 0.000068 seconds.
  path: Packages/com.unity.collab-proxy/Editor/Collaborate/Assets/Icons/status-error-light@2x.png
  artifactKey: Guid(b99e43bf99b3c954f91bde2ad0c1eac2) Importer(815301076,1909f56bfc062723c751e8b465ee728b)
Start importing Packages/com.unity.collab-proxy/Editor/Collaborate/Assets/Icons/status-error-light@2x.png using Guid(b99e43bf99b3c954f91bde2ad0c1eac2) Importer(815301076,1909f56bfc062723c751e8b465ee728b)  -> (artifact id: '080bb578fc22ed69a15ab5d387a1a9c8') in 0.021268 seconds 
========================================================================
Received Import Request.
  Time since last request: 0.000034 seconds.
  path: Packages/com.unity.collab-proxy/Editor/Collaborate/Assets/Icons/status-error-dark@2x.png
  artifactKey: Guid(a0fdac62174ca014b94a537688fc684d) Importer(815301076,1909f56bfc062723c751e8b465ee728b)
Start importing Packages/com.unity.collab-proxy/Editor/Collaborate/Assets/Icons/status-error-dark@2x.png using Guid(a0fdac62174ca014b94a537688fc684d) Importer(815301076,1909f56bfc062723c751e8b465ee728b)  -> (artifact id: '8d3abbf80647015eb5e36c2ccb0650b0') in 0.020850 seconds 
========================================================================
Received Import Request.
  Time since last request: 0.252932 seconds.
  path: Packages/com.unity.collab-proxy/Editor/Collaborate/Assets/Icons/status-warning-dark@2x.png
  artifactKey: Guid(98d032c68be4a784ab77b461c5341fc8) Importer(815301076,1909f56bfc062723c751e8b465ee728b)
Start importing Packages/com.unity.collab-proxy/Editor/Collaborate/Assets/Icons/status-warning-dark@2x.png using Guid(98d032c68be4a784ab77b461c5341fc8) Importer(815301076,1909f56bfc062723c751e8b465ee728b)  -> (artifact id: '81332ebe4b1a2478668df0e64e45d029') in 0.024577 seconds 
========================================================================
Received Import Request.
  Time since last request: 0.000062 seconds.
  path: Packages/com.unity.collab-proxy/Editor/Collaborate/Assets/Icons/status-warning-light.png
  artifactKey: Guid(7f5bfdeb677f0f9439f594f1cf98266a) Importer(815301076,1909f56bfc062723c751e8b465ee728b)
Start importing Packages/com.unity.collab-proxy/Editor/Collaborate/Assets/Icons/status-warning-light.png using Guid(7f5bfdeb677f0f9439f594f1cf98266a) Importer(815301076,1909f56bfc062723c751e8b465ee728b)  -> (artifact id: 'de6735a9855537ce3b1f677142b48bbc') in 0.019510 seconds 
========================================================================
Received Import Request.
  Time since last request: 0.000057 seconds.
  path: Packages/com.unity.collab-proxy/Editor/PlasticSCM/Assets/Images/step1.png
  artifactKey: Guid(9ce84ff0fdeb13d4a83f077d075dd9a5) Importer(815301076,1909f56bfc062723c751e8b465ee728b)
Start importing Packages/com.unity.collab-proxy/Editor/PlasticSCM/Assets/Images/step1.png using Guid(9ce84ff0fdeb13d4a83f077d075dd9a5) Importer(815301076,1909f56bfc062723c751e8b465ee728b)  -> (artifact id: '452a14b194dd7caadfcc80c4c9f2d594') in 0.025747 seconds 
Editor requested this worker to shutdown with reason: Scaling down because of idle timeout
AssetImportWorker is now disconnected from the server
Process exiting
Exiting without the bug reporter. Application will terminate with return code 0